#
# There is insufficient memory for the Java Runtime Environment to continue.
# Native memory allocation (mmap) failed to map 321912832 bytes for Failed to commit area from 0x0000000094600000 to 0x00000000a7900000 of length 321912832.
# Possible reasons:
#   The system is out of physical RAM or swap space
#   The process is running with CompressedOops enabled, and the Java Heap may be blocking the growth of the native heap
# Possible solutions:
#   Reduce memory load on the system
#   Increase physical memory or swap space
#   Check if swap backing store is full
#   Decrease Java heap size (-Xmx/-Xms)
#   Decrease number of Java threads
#   Decrease Java thread stack sizes (-Xss)
#   Set larger code cache with -XX:ReservedCodeCacheSize=
#   JVM is running with Unscaled Compressed Oops mode in which the Java heap is
#     placed in the first 4GB address space. The Java Heap base address is the
#     maximum limit for the native heap growth. Please use -XX:HeapBaseMinAddress
#     to set the Java Heap base and to place the Java Heap above 4GB virtual address.
# This output file may be truncated or incomplete.
#
#  Out of Memory Error (./src/hotspot/os/windows/os_windows.cpp:3521), pid=1512, tid=9604
#
# JRE version: OpenJDK Runtime Environment (11.0.12+7) (build 11.0.12+7-b1504.28-7817840)
# Java VM: OpenJDK 64-Bit Server VM (11.0.12+7-b1504.28-7817840, mixed mode, tiered, compressed oops, g1 gc, windows-amd64)
# Core dump will be written. Default location: C:\Users\Administrator\StudioProjects\BusPass2\hs_err_pid1512.mdmp
#

---------------  S U M M A R Y ------------

Command Line: --add-opens=java.base/java.util=ALL-UNNAMED --add-opens=java.base/java.lang=ALL-UNNAMED --add-opens=java.base/java.lang.invoke=ALL-UNNAMED --add-opens=java.base/java.util=ALL-UNNAMED --add-opens=java.prefs/java.util.prefs=ALL-UNNAMED --add-opens=java.prefs/java.util.prefs=ALL-UNNAMED --add-opens=java.base/java.nio.charset=ALL-UNNAMED --add-opens=java.base/java.net=ALL-UNNAMED --add-opens=java.base/java.util.concurrent.atomic=ALL-UNNAMED -Xmx2048m -Dfile.encoding=UTF-8 -Duser.country=IN -Duser.language=en -Duser.variant org.gradle.launcher.daemon.bootstrap.GradleDaemon 7.3.3

Host: Intel(R) Core(TM) i7-3517U CPU @ 1.90GHz, 4 cores, 7G,  Windows Server 2019 , 64 bit Build 22000 (10.0.22000.120)
Time: Mon May 16 18:39:13 2022 India Standard Time elapsed time: 1108.419608 seconds (0d 0h 18m 28s)

---------------  T H R E A D  ---------------

Current thread (0x00000273bf3db800):  VMThread "VM Thread" [stack: 0x000000ae6ba00000,0x000000ae6bb00000] [id=9604]

Stack: [0x000000ae6ba00000,0x000000ae6bb00000]
[error occurred during error reporting (printing stack bounds), id 0xc0000005, EXCEPTION_ACCESS_VIOLATION (0xc0000005) at pc=0x00000273a930112d]

Native frames: (J=compiled Java code, j=interpreted, Vv=VM code, C=native code)
V  [jvm.dll+0x5fbcea]
V  [jvm.dll+0x731905]
V  [jvm.dll+0x732f1d]
V  [jvm.dll+0x733535]
V  [jvm.dll+0x7334eb]
V  [jvm.dll+0x5fb080]
V  [jvm.dll+0x5fb818]
C  [ntdll.dll+0xa826f]
C  [ntdll.dll+0x359ca]
C  [ntdll.dll+0xa727e]
C  0x00000273a930112d

VM_Operation (0x000000ae71efca90): G1CollectForAllocation, mode: safepoint, requested by thread 0x00000273c39b7800


---------------  P R O C E S S  ---------------

Threads class SMR info:
_java_thread_list=0x00000273cbde4390, length=99, elements={
0x00000273a57ed800, 0x00000273bf3df000, 0x00000273bf3ec800, 0x00000273bfd72800,
0x00000273bf3ff000, 0x00000273bf400000, 0x00000273bf405800, 0x00000273bf40a800,
0x00000273bf40e000, 0x00000273bfeae000, 0x00000273c1c0c000, 0x00000273c254d000,
0x00000273c0fe7000, 0x00000273c33e0000, 0x00000273c33dd000, 0x00000273c33db800,
0x00000273c33dd800, 0x00000273c33e1000, 0x00000273c33e2000, 0x00000273c33dc000,
0x00000273c1dbe000, 0x00000273c1dbb800, 0x00000273c1dbc800, 0x00000273c1db8800,
0x00000273c39ba000, 0x00000273c39b4800, 0x00000273c74b5000, 0x00000273c7a9b000,
0x00000273c33df800, 0x00000273ce45b000, 0x00000273c1dba000, 0x00000273c74b6000,
0x00000273c33de800, 0x00000273c7a95000, 0x00000273c7a91000, 0x00000273c1db9000,
0x00000273c1dbf800, 0x00000273c1dc0800, 0x00000273c1dba800, 0x00000273c1dc5800,
0x00000273c1dc7000, 0x00000273c1dc6000, 0x00000273c1dc1800, 0x00000273c1dc2000,
0x00000273c1dc3000, 0x00000273c1dc3800, 0x00000273ce461000, 0x00000273ce461800,
0x00000273ce45f000, 0x00000273ce45d800, 0x00000273ce45c000, 0x00000273ce45d000,
0x00000273ce463800, 0x00000273ce462800, 0x00000273ce460000, 0x00000273ce45e800,
0x00000273ce468000, 0x00000273ce467800, 0x00000273ce465000, 0x00000273ce464000,
0x00000273ce469000, 0x00000273ce465800, 0x00000273ce466800, 0x00000273ce46a000,
0x00000273c7a93800, 0x00000273c7a90000, 0x00000273c7a96000, 0x00000273c7a92000,
0x00000273c7a97800, 0x00000273c7a92800, 0x00000273c7a98800, 0x00000273c7a96800,
0x00000273c7a9a000, 0x00000273c7a99000, 0x00000273c7a94800, 0x00000273c7a9f000,
0x00000273c7a9b800, 0x00000273c7a9c800, 0x00000273c7a9e000, 0x00000273c7a9d800,
0x00000273c74b7800, 0x00000273c74b2800, 0x00000273c74b7000, 0x00000273c74b3800,
0x00000273c74b4800, 0x00000273c74bb800, 0x00000273c74bc800, 0x00000273c74b9800,
0x00000273c74c0000, 0x00000273c74bd800, 0x00000273c74be000, 0x00000273c74bf000,
0x00000273c74ba000, 0x00000273c74c0800, 0x00000273c74bb000, 0x00000273c74c1800,
0x00000273c530b800, 0x00000273c39b6800, 0x00000273c39b7800
}

Java Threads: ( => current thread )
  0x00000273a57ed800 JavaThread "main" [_thread_blocked, id=1336, stack(0x000000ae6b400000,0x000000ae6b500000)]
  0x00000273bf3df000 JavaThread "Reference Handler" daemon [_thread_blocked, id=2364, stack(0x000000ae6bb00000,0x000000ae6bc00000)]
  0x00000273bf3ec800 JavaThread "Finalizer" daemon [_thread_blocked, id=5588, stack(0x000000ae6bc00000,0x000000ae6bd00000)]
  0x00000273bfd72800 JavaThread "Signal Dispatcher" daemon [_thread_blocked, id=9308, stack(0x000000ae6bd00000,0x000000ae6be00000)]
  0x00000273bf3ff000 JavaThread "Attach Listener" daemon [_thread_blocked, id=6124, stack(0x000000ae6be00000,0x000000ae6bf00000)]
  0x00000273bf400000 JavaThread "Service Thread" daemon [_thread_blocked, id=2948, stack(0x000000ae6bf00000,0x000000ae6c000000)]
  0x00000273bf405800 JavaThread "C2 CompilerThread0" daemon [_thread_blocked, id=724, stack(0x000000ae6c000000,0x000000ae6c100000)]
  0x00000273bf40a800 JavaThread "C1 CompilerThread0" daemon [_thread_blocked, id=956, stack(0x000000ae6c100000,0x000000ae6c200000)]
  0x00000273bf40e000 JavaThread "Sweeper thread" daemon [_thread_blocked, id=8504, stack(0x000000ae6c200000,0x000000ae6c300000)]
  0x00000273bfeae000 JavaThread "Common-Cleaner" daemon [_thread_blocked, id=1260, stack(0x000000ae6c300000,0x000000ae6c400000)]
  0x00000273c1c0c000 JavaThread "Daemon health stats" [_thread_blocked, id=2644, stack(0x000000ae6c800000,0x000000ae6c900000)]
  0x00000273c254d000 JavaThread "Incoming local TCP Connector on port 8370" [_thread_in_native, id=4924, stack(0x000000ae6c900000,0x000000ae6ca00000)]
  0x00000273c0fe7000 JavaThread "Daemon periodic checks" [_thread_blocked, id=9336, stack(0x000000ae6ca00000,0x000000ae6cb00000)]
  0x00000273c33e0000 JavaThread "Cache worker for journal cache (C:\Users\Administrator\.gradle\caches\journal-1)" [_thread_blocked, id=5872, stack(0x000000ae6d300000,0x000000ae6d400000)]
  0x00000273c33dd000 JavaThread "File lock request listener" [_thread_in_native, id=4260, stack(0x000000ae6d400000,0x000000ae6d500000)]
  0x00000273c33db800 JavaThread "Cache worker for file hash cache (C:\Users\Administrator\.gradle\caches\7.3.3\fileHashes)" [_thread_blocked, id=10232, stack(0x000000ae6d500000,0x000000ae6d600000)]
  0x00000273c33dd800 JavaThread "File watcher server" daemon [_thread_blocked, id=6084, stack(0x000000ae6d700000,0x000000ae6d800000)]
  0x00000273c33e1000 JavaThread "File watcher consumer" daemon [_thread_blocked, id=8400, stack(0x000000ae6d800000,0x000000ae6d900000)]
  0x00000273c33e2000 JavaThread "jar transforms" [_thread_blocked, id=5540, stack(0x000000ae6d900000,0x000000ae6da00000)]
  0x00000273c33dc000 JavaThread "jar transforms Thread 2" [_thread_blocked, id=4016, stack(0x000000ae6da00000,0x000000ae6db00000)]
  0x00000273c1dbe000 JavaThread "jar transforms Thread 3" [_thread_blocked, id=6764, stack(0x000000ae6db00000,0x000000ae6dc00000)]
  0x00000273c1dbb800 JavaThread "jar transforms Thread 4" [_thread_blocked, id=6260, stack(0x000000ae6dc00000,0x000000ae6dd00000)]
  0x00000273c1dbc800 JavaThread "Cache worker for execution history cache (C:\Users\Administrator\.gradle\caches\7.3.3\executionHistory)" [_thread_blocked, id=5984, stack(0x000000ae6df00000,0x000000ae6e000000)]
  0x00000273c1db8800 JavaThread "Cache worker for file content cache (C:\Users\Administrator\.gradle\caches\7.3.3\fileContent)" [_thread_blocked, id=7604, stack(0x000000ae6e100000,0x000000ae6e200000)]
  0x00000273c39ba000 JavaThread "Memory manager" [_thread_blocked, id=4000, stack(0x000000ae70b00000,0x000000ae70c00000)]
  0x00000273c39b4800 JavaThread "pool-3-thread-1" [_thread_blocked, id=5476, stack(0x000000ae70c00000,0x000000ae70d00000)]
  0x00000273c74b5000 JavaThread "pool-6-thread-1" [_thread_blocked, id=8720, stack(0x000000ae70900000,0x000000ae70a00000)]
  0x00000273c7a9b000 JavaThread "pool-9-thread-1" [_thread_blocked, id=1744, stack(0x000000ae70a00000,0x000000ae70b00000)]
  0x00000273c33df800 JavaThread "pool-12-thread-1" [_thread_blocked, id=9256, stack(0x000000ae70e00000,0x000000ae70f00000)]
  0x00000273ce45b000 JavaThread "Cache worker for Java compile cache (C:\Users\Administrator\.gradle\caches\7.3.3\javaCompile)" [_thread_blocked, id=2696, stack(0x000000ae71400000,0x000000ae71500000)]
  0x00000273c1dba000 JavaThread "pool-16-thread-1" [_thread_blocked, id=8232, stack(0x000000ae70f00000,0x000000ae71000000)]
  0x00000273c74b6000 JavaThread "pool-19-thread-1" [_thread_blocked, id=2664, stack(0x000000ae71000000,0x000000ae71100000)]
  0x00000273c33de800 JavaThread "ForkJoinPool.commonPool-worker-1" daemon [_thread_blocked, id=8264, stack(0x000000ae6cf00000,0x000000ae6d000000)]
  0x00000273c7a95000 JavaThread "Daemon Thread 7" [_thread_blocked, id=9300, stack(0x000000ae6b100000,0x000000ae6b200000)]
  0x00000273c7a91000 JavaThread "Daemon worker Thread 7" [_thread_blocked, id=9160, stack(0x000000ae6c500000,0x000000ae6c600000)]
  0x00000273c1db9000 JavaThread "pool-23-thread-1" [_thread_blocked, id=9736, stack(0x000000ae71200000,0x000000ae71300000)]
  0x00000273c1dbf800 JavaThread "Handler for socket connection from /127.0.0.1:8370 to /127.0.0.1:12564" [_thread_in_native, id=4320, stack(0x000000ae6b200000,0x000000ae6b300000)]
  0x00000273c1dc0800 JavaThread "Cancel handler" [_thread_blocked, id=5268, stack(0x000000ae6b300000,0x000000ae6b400000)]
  0x00000273c1dba800 JavaThread "Asynchronous log dispatcher for DefaultDaemonConnection: socket connection from /127.0.0.1:8370 to /127.0.0.1:12564" [_thread_blocked, id=8472, stack(0x000000ae6cb00000,0x000000ae6cc00000)]
  0x00000273c1dc5800 JavaThread "Stdin handler" [_thread_blocked, id=7868, stack(0x000000ae6cc00000,0x000000ae6cd00000)]
  0x00000273c1dc7000 JavaThread "Daemon client event forwarder" [_thread_blocked, id=5484, stack(0x000000ae6cd00000,0x000000ae6ce00000)]
  0x00000273c1dc6000 JavaThread "Cache worker for file hash cache (C:\Users\Administrator\StudioProjects\BusPass2\.gradle\7.3.3\fileHashes)" [_thread_blocked, id=7344, stack(0x000000ae6ce00000,0x000000ae6cf00000)]
  0x00000273c1dc1800 JavaThread "Cache worker for checksums cache (C:\Users\Administrator\StudioProjects\BusPass2\.gradle\7.3.3\checksums)" [_thread_blocked, id=5636, stack(0x000000ae6d000000,0x000000ae6d100000)]
  0x00000273c1dc2000 JavaThread "Cache worker for cache directory md-supplier (C:\Users\Administrator\.gradle\caches\7.3.3\md-supplier)" [_thread_blocked, id=6700, stack(0x000000ae6d100000,0x000000ae6d200000)]
  0x00000273c1dc3000 JavaThread "Cache worker for cache directory md-rule (C:\Users\Administrator\.gradle\caches\7.3.3\md-rule)" [_thread_blocked, id=4188, stack(0x000000ae6d600000,0x000000ae6d700000)]
  0x00000273c1dc3800 JavaThread "Cache worker for dependencies-accessors (C:\Users\Administrator\StudioProjects\BusPass2\.gradle\7.3.3\dependencies-accessors)" [_thread_blocked, id=7692, stack(0x000000ae6dd00000,0x000000ae6de00000)]
  0x00000273ce461000 JavaThread "Cache worker for Build Output Cleanup Cache (C:\Users\Administrator\StudioProjects\BusPass2\.gradle\buildOutputCleanup)" [_thread_blocked, id=7956, stack(0x000000ae6de00000,0x000000ae6df00000)]
  0x00000273ce461800 JavaThread "Unconstrained build operations" [_thread_blocked, id=4396, stack(0x000000ae6e300000,0x000000ae6e400000)]
  0x00000273ce45f000 JavaThread "Unconstrained build operations Thread 2" [_thread_blocked, id=1136, stack(0x000000ae6e400000,0x000000ae6e500000)]
  0x00000273ce45d800 JavaThread "Unconstrained build operations Thread 3" [_thread_blocked, id=812, stack(0x000000ae6e500000,0x000000ae6e600000)]
  0x00000273ce45c000 JavaThread "Unconstrained build operations Thread 4" [_thread_blocked, id=8876, stack(0x000000ae6e600000,0x000000ae6e700000)]
  0x00000273ce45d000 JavaThread "Unconstrained build operations Thread 5" [_thread_blocked, id=9140, stack(0x000000ae6e700000,0x000000ae6e800000)]
  0x00000273ce463800 JavaThread "Unconstrained build operations Thread 6" [_thread_blocked, id=9784, stack(0x000000ae6e800000,0x000000ae6e900000)]
  0x00000273ce462800 JavaThread "Unconstrained build operations Thread 7" [_thread_blocked, id=8448, stack(0x000000ae6e900000,0x000000ae6ea00000)]
  0x00000273ce460000 JavaThread "Unconstrained build operations Thread 8" [_thread_blocked, id=5840, stack(0x000000ae6ea00000,0x000000ae6eb00000)]
  0x00000273ce45e800 JavaThread "Unconstrained build operations Thread 9" [_thread_blocked, id=3404, stack(0x000000ae6eb00000,0x000000ae6ec00000)]
  0x00000273ce468000 JavaThread "Unconstrained build operations Thread 10" [_thread_blocked, id=8792, stack(0x000000ae6ec00000,0x000000ae6ed00000)]
  0x00000273ce467800 JavaThread "Unconstrained build operations Thread 11" [_thread_blocked, id=3020, stack(0x000000ae6ed00000,0x000000ae6ee00000)]
  0x00000273ce465000 JavaThread "Unconstrained build operations Thread 12" [_thread_blocked, id=9484, stack(0x000000ae6ee00000,0x000000ae6ef00000)]
  0x00000273ce464000 JavaThread "Unconstrained build operations Thread 13" [_thread_blocked, id=7464, stack(0x000000ae6ef00000,0x000000ae6f000000)]
  0x00000273ce469000 JavaThread "Unconstrained build operations Thread 14" [_thread_blocked, id=10052, stack(0x000000ae6f000000,0x000000ae6f100000)]
  0x00000273ce465800 JavaThread "Unconstrained build operations Thread 15" [_thread_blocked, id=8896, stack(0x000000ae6f100000,0x000000ae6f200000)]
  0x00000273ce466800 JavaThread "Unconstrained build operations Thread 16" [_thread_blocked, id=7932, stack(0x000000ae6f200000,0x000000ae6f300000)]
  0x00000273ce46a000 JavaThread "Unconstrained build operations Thread 17" [_thread_blocked, id=9920, stack(0x000000ae6f300000,0x000000ae6f400000)]
  0x00000273c7a93800 JavaThread "Unconstrained build operations Thread 18" [_thread_blocked, id=5896, stack(0x000000ae6f400000,0x000000ae6f500000)]
  0x00000273c7a90000 JavaThread "Unconstrained build operations Thread 19" [_thread_blocked, id=10012, stack(0x000000ae6f500000,0x000000ae6f600000)]
  0x00000273c7a96000 JavaThread "Unconstrained build operations Thread 20" [_thread_blocked, id=10016, stack(0x000000ae6f600000,0x000000ae6f700000)]
  0x00000273c7a92000 JavaThread "Unconstrained build operations Thread 21" [_thread_blocked, id=4484, stack(0x000000ae6f700000,0x000000ae6f800000)]
  0x00000273c7a97800 JavaThread "Unconstrained build operations Thread 22" [_thread_blocked, id=7840, stack(0x000000ae6f800000,0x000000ae6f900000)]
  0x00000273c7a92800 JavaThread "Unconstrained build operations Thread 23" [_thread_blocked, id=8488, stack(0x000000ae6f900000,0x000000ae6fa00000)]
  0x00000273c7a98800 JavaThread "Unconstrained build operations Thread 24" [_thread_blocked, id=7720, stack(0x000000ae6fa00000,0x000000ae6fb00000)]
  0x00000273c7a96800 JavaThread "Unconstrained build operations Thread 25" [_thread_blocked, id=1816, stack(0x000000ae6fb00000,0x000000ae6fc00000)]
  0x00000273c7a9a000 JavaThread "Unconstrained build operations Thread 26" [_thread_blocked, id=4200, stack(0x000000ae6fc00000,0x000000ae6fd00000)]
  0x00000273c7a99000 JavaThread "Unconstrained build operations Thread 27" [_thread_blocked, id=6312, stack(0x000000ae6fd00000,0x000000ae6fe00000)]
  0x00000273c7a94800 JavaThread "Unconstrained build operations Thread 28" [_thread_blocked, id=9656, stack(0x000000ae6fe00000,0x000000ae6ff00000)]
  0x00000273c7a9f000 JavaThread "Unconstrained build operations Thread 29" [_thread_blocked, id=5592, stack(0x000000ae6ff00000,0x000000ae70000000)]
  0x00000273c7a9b800 JavaThread "Unconstrained build operations Thread 30" [_thread_blocked, id=8592, stack(0x000000ae70000000,0x000000ae70100000)]
  0x00000273c7a9c800 JavaThread "Unconstrained build operations Thread 31" [_thread_blocked, id=7844, stack(0x000000ae70100000,0x000000ae70200000)]
  0x00000273c7a9e000 JavaThread "Unconstrained build operations Thread 32" [_thread_blocked, id=1164, stack(0x000000ae70200000,0x000000ae70300000)]
  0x00000273c7a9d800 JavaThread "Unconstrained build operations Thread 33" [_thread_blocked, id=5068, stack(0x000000ae70300000,0x000000ae70400000)]
  0x00000273c74b7800 JavaThread "Unconstrained build operations Thread 34" [_thread_blocked, id=8476, stack(0x000000ae70400000,0x000000ae70500000)]
  0x00000273c74b2800 JavaThread "Unconstrained build operations Thread 35" [_thread_blocked, id=4176, stack(0x000000ae70500000,0x000000ae70600000)]
  0x00000273c74b7000 JavaThread "Unconstrained build operations Thread 36" [_thread_blocked, id=8736, stack(0x000000ae70600000,0x000000ae70700000)]
  0x00000273c74b3800 JavaThread "Unconstrained build operations Thread 37" [_thread_blocked, id=9804, stack(0x000000ae70700000,0x000000ae70800000)]
  0x00000273c74b4800 JavaThread "Unconstrained build operations Thread 38" [_thread_blocked, id=8980, stack(0x000000ae70800000,0x000000ae70900000)]
  0x00000273c74bb800 JavaThread "Unconstrained build operations Thread 39" [_thread_blocked, id=9976, stack(0x000000ae70d00000,0x000000ae70e00000)]
  0x00000273c74bc800 JavaThread "Unconstrained build operations Thread 40" [_thread_blocked, id=8812, stack(0x000000ae71100000,0x000000ae71200000)]
  0x00000273c74b9800 JavaThread "build event listener" [_thread_blocked, id=9028, stack(0x000000ae71300000,0x000000ae71400000)]
  0x00000273c74c0000 JavaThread "pool-26-thread-1" [_thread_blocked, id=9636, stack(0x000000ae71500000,0x000000ae71600000)]
  0x00000273c74bd800 JavaThread "build event listener" [_thread_blocked, id=6548, stack(0x000000ae71600000,0x000000ae71700000)]
  0x00000273c74be000 JavaThread "Execution worker for ':'" [_thread_blocked, id=8460, stack(0x000000ae71700000,0x000000ae71800000)]
  0x00000273c74bf000 JavaThread "Execution worker for ':' Thread 2" [_thread_blocked, id=4080, stack(0x000000ae71800000,0x000000ae71900000)]
  0x00000273c74ba000 JavaThread "Execution worker for ':' Thread 3" [_thread_blocked, id=9148, stack(0x000000ae71900000,0x000000ae71a00000)]
  0x00000273c74c0800 JavaThread "Cache worker for execution history cache (C:\Users\Administrator\StudioProjects\BusPass2\.gradle\7.3.3\executionHistory)" [_thread_blocked, id=2560, stack(0x000000ae71a00000,0x000000ae71b00000)]
  0x00000273c74bb000 JavaThread "WorkerExecutor Queue" [_thread_blocked, id=4088, stack(0x000000ae71b00000,0x000000ae71c00000)]
  0x00000273c74c1800 JavaThread "WorkerExecutor Queue Thread 2" [_thread_blocked, id=6664, stack(0x000000ae71c00000,0x000000ae71d00000)]
  0x00000273c530b800 JavaThread "C2 CompilerThread1" daemon [_thread_blocked, id=8652, stack(0x000000ae6e000000,0x000000ae6e100000)]
  0x00000273c39b6800 JavaThread "WorkerExecutor Queue Thread 3" [_thread_blocked, id=4692, stack(0x000000ae71d00000,0x000000ae71e00000)]
  0x00000273c39b7800 JavaThread "WorkerExecutor Queue Thread 4" [_thread_blocked, id=9952, stack(0x000000ae71e00000,0x000000ae71f00000)]

Other Threads:
=>0x00000273bf3db800 VMThread "VM Thread" [stack: 0x000000ae6ba00000,0x000000ae6bb00000] [id=9604]
  0x00000273bfeea000 WatcherThread [stack: 0x000000ae6c400000,0x000000ae6c500000] [id=2532]
  0x00000273a5806800 GCTaskThread "GC Thread#0" [stack: 0x000000ae6b500000,0x000000ae6b600000] [id=9680]
  0x00000273c0831000 GCTaskThread "GC Thread#1" [stack: 0x000000ae6c600000,0x000000ae6c700000] [id=1552]
  0x00000273c0832000 GCTaskThread "GC Thread#2" [stack: 0x000000ae6c700000,0x000000ae6c800000] [id=1668]
  0x00000273c249b800 GCTaskThread "GC Thread#3" [stack: 0x000000ae6d200000,0x000000ae6d300000] [id=9772]
  0x00000273a5839000 ConcurrentGCThread "G1 Main Marker" [stack: 0x000000ae6b600000,0x000000ae6b700000] [id=9024]
  0x00000273a583b000 ConcurrentGCThread "G1 Conc#0" [stack: 0x000000ae6b700000,0x000000ae6b800000] [id=8752]
  0x00000273a58cb800 ConcurrentGCThread "G1 Refine#0" [stack: 0x000000ae6b800000,0x000000ae6b900000] [id=5028]
  0x00000273a58cc800 ConcurrentGCThread "G1 Young RemSet Sampling" [stack: 0x000000ae6b900000,0x000000ae6ba00000] [id=1612]

Threads with active compile tasks:
C2 CompilerThread01108895 29058       4       org.codehaus.stax2.ri.evt.CharactersEventImpl::asCharacters (2 bytes)
C2 CompilerThread11108895 28944       4       com.android.aaptcompiler.proto.ProtoSerializeKt::serializeSourceToPb (81 bytes)

VM state:at safepoint (normal execution)

VM Mutex/Monitor currently owned by a thread:  ([mutex/lock_event])
[0x00000273a57e9610] Threads_lock - owner thread: 0x00000273bf3db800
[0x00000273a57e9df0] Heap_lock - owner thread: 0x00000273c39b7800

Heap address: 0x0000000080000000, size: 2048 MB, Compressed Oops mode: 32-bit
Narrow klass base: 0x0000000000000000, Narrow klass shift: 3
Compressed class space size: 1073741824 Address: 0x0000000100000000

Heap:
 garbage-first heap   total 648192K, used 240895K [0x0000000080000000, 0x0000000100000000)
  region size 1024K, 5 young (5120K), 5 survivors (5120K)
 Metaspace       used 211928K, capacity 217323K, committed 217472K, reserved 1239040K
  class space    used 26173K, capacity 28047K, committed 28108K, reserved 1048576K
Heap Regions: E=young(eden), S=young(survivor), O=old, HS=humongous(starts), HC=humongous(continues), CS=collection set, F=free, A=archive, TAMS=top-at-mark-start (previous, next)
|   0|0x0000000080000000, 0x0000000080100000, 0x0000000080100000|100%|HS|  |TAMS 0x0000000080100000, 0x0000000080000000| Complete 
|   1|0x0000000080100000, 0x0000000080200000, 0x0000000080200000|100%|HC|  |TAMS 0x0000000080200000, 0x0000000080100000| Complete 
|   2|0x0000000080200000, 0x0000000080300000, 0x0000000080300000|100%|HC|  |TAMS 0x0000000080300000, 0x0000000080200000| Complete 
|   3|0x0000000080300000, 0x0000000080400000, 0x0000000080400000|100%| O|  |TAMS 0x0000000080400000, 0x0000000080300000| Untracked 
|   4|0x0000000080400000, 0x0000000080500000, 0x0000000080500000|100%| O|  |TAMS 0x0000000080500000, 0x0000000080400000| Untracked 
|   5|0x0000000080500000, 0x0000000080600000, 0x0000000080600000|100%| O|  |TAMS 0x0000000080600000, 0x0000000080500000| Untracked 
|   6|0x0000000080600000, 0x0000000080700000, 0x0000000080700000|100%| O|  |TAMS 0x0000000080700000, 0x0000000080600000| Untracked 
|   7|0x0000000080700000, 0x0000000080800000, 0x0000000080800000|100%| O|  |TAMS 0x0000000080800000, 0x0000000080700000| Untracked 
|   8|0x0000000080800000, 0x0000000080900000, 0x0000000080900000|100%| O|  |TAMS 0x0000000080900000, 0x0000000080800000| Untracked 
|   9|0x0000000080900000, 0x0000000080a00000, 0x0000000080a00000|100%| O|  |TAMS 0x0000000080a00000, 0x0000000080900000| Untracked 
|  10|0x0000000080a00000, 0x0000000080b00000, 0x0000000080b00000|100%| O|  |TAMS 0x0000000080b00000, 0x0000000080a00000| Untracked 
|  11|0x0000000080b00000, 0x0000000080c00000, 0x0000000080c00000|100%| O|  |TAMS 0x0000000080c00000, 0x0000000080b00000| Untracked 
|  12|0x0000000080c00000, 0x0000000080d00000, 0x0000000080d00000|100%| O|  |TAMS 0x0000000080d00000, 0x0000000080c00000| Untracked 
|  13|0x0000000080d00000, 0x0000000080e00000, 0x0000000080e00000|100%| O|  |TAMS 0x0000000080e00000, 0x0000000080d00000| Untracked 
|  14|0x0000000080e00000, 0x0000000080f00000, 0x0000000080f00000|100%| O|  |TAMS 0x0000000080f00000, 0x0000000080e00000| Untracked 
|  15|0x0000000080f00000, 0x0000000081000000, 0x0000000081000000|100%| O|  |TAMS 0x0000000081000000, 0x0000000080f00000| Untracked 
|  16|0x0000000081000000, 0x0000000081100000, 0x0000000081100000|100%|HS|  |TAMS 0x0000000081100000, 0x0000000081000000| Complete 
|  17|0x0000000081100000, 0x0000000081200000, 0x0000000081200000|100%|HC|  |TAMS 0x0000000081200000, 0x0000000081100000| Complete 
|  18|0x0000000081200000, 0x0000000081300000, 0x0000000081300000|100%|HS|  |TAMS 0x0000000081300000, 0x0000000081200000| Complete 
|  19|0x0000000081300000, 0x0000000081400000, 0x0000000081400000|100%|HC|  |TAMS 0x0000000081400000, 0x0000000081300000| Complete 
|  20|0x0000000081400000, 0x0000000081500000, 0x0000000081500000|100%|HC|  |TAMS 0x0000000081500000, 0x0000000081400000| Complete 
|  21|0x0000000081500000, 0x0000000081600000, 0x0000000081600000|100%|HS|  |TAMS 0x0000000081600000, 0x0000000081500000| Complete 
|  22|0x0000000081600000, 0x0000000081700000, 0x0000000081700000|100%|HS|  |TAMS 0x0000000081700000, 0x0000000081600000| Complete 
|  23|0x0000000081700000, 0x0000000081800000, 0x0000000081800000|100%|HC|  |TAMS 0x0000000081800000, 0x0000000081700000| Complete 
|  24|0x0000000081800000, 0x0000000081900000, 0x0000000081900000|100%|HC|  |TAMS 0x0000000081900000, 0x0000000081800000| Complete 
|  25|0x0000000081900000, 0x0000000081a00000, 0x0000000081a00000|100%|HC|  |TAMS 0x0000000081a00000, 0x0000000081900000| Complete 
|  26|0x0000000081a00000, 0x0000000081b00000, 0x0000000081b00000|100%|HS|  |TAMS 0x0000000081b00000, 0x0000000081a00000| Complete 
|  27|0x0000000081b00000, 0x0000000081c00000, 0x0000000081c00000|100%|HS|  |TAMS 0x0000000081c00000, 0x0000000081b00000| Complete 
|  28|0x0000000081c00000, 0x0000000081d00000, 0x0000000081d00000|100%| O|  |TAMS 0x0000000081d00000, 0x0000000081c00000| Untracked 
|  29|0x0000000081d00000, 0x0000000081e00000, 0x0000000081e00000|100%| O|  |TAMS 0x0000000081e00000, 0x0000000081d00000| Untracked 
|  30|0x0000000081e00000, 0x0000000081f00000, 0x0000000081f00000|100%| O|  |TAMS 0x0000000081f00000, 0x0000000081e00000| Untracked 
|  31|0x0000000081f00000, 0x0000000082000000, 0x0000000082000000|100%| O|  |TAMS 0x0000000082000000, 0x0000000081f00000| Untracked 
|  32|0x0000000082000000, 0x0000000082100000, 0x0000000082100000|100%| O|  |TAMS 0x0000000082100000, 0x0000000082000000| Untracked 
|  33|0x0000000082100000, 0x0000000082200000, 0x0000000082200000|100%| O|  |TAMS 0x0000000082200000, 0x0000000082100000| Untracked 
|  34|0x0000000082200000, 0x0000000082300000, 0x0000000082300000|100%| O|  |TAMS 0x0000000082300000, 0x0000000082200000| Untracked 
|  35|0x0000000082300000, 0x0000000082400000, 0x0000000082400000|100%| O|  |TAMS 0x0000000082400000, 0x0000000082300000| Untracked 
|  36|0x0000000082400000, 0x0000000082500000, 0x0000000082500000|100%| O|  |TAMS 0x0000000082500000, 0x0000000082400000| Untracked 
|  37|0x0000000082500000, 0x0000000082600000, 0x0000000082600000|100%| O|  |TAMS 0x0000000082600000, 0x0000000082500000| Untracked 
|  38|0x0000000082600000, 0x0000000082700000, 0x0000000082700000|100%|HS|  |TAMS 0x0000000082700000, 0x0000000082600000| Complete 
|  39|0x0000000082700000, 0x0000000082800000, 0x0000000082800000|100%|HC|  |TAMS 0x0000000082800000, 0x0000000082700000| Complete 
|  40|0x0000000082800000, 0x0000000082900000, 0x0000000082900000|100%|HC|  |TAMS 0x0000000082900000, 0x0000000082800000| Complete 
|  41|0x0000000082900000, 0x0000000082a00000, 0x0000000082a00000|100%| O|  |TAMS 0x0000000082a00000, 0x0000000082900000| Untracked 
|  42|0x0000000082a00000, 0x0000000082b00000, 0x0000000082b00000|100%| O|  |TAMS 0x0000000082b00000, 0x0000000082a00000| Untracked 
|  43|0x0000000082b00000, 0x0000000082c00000, 0x0000000082c00000|100%| O|  |TAMS 0x0000000082c00000, 0x0000000082b00000| Untracked 
|  44|0x0000000082c00000, 0x0000000082d00000, 0x0000000082d00000|100%| O|  |TAMS 0x0000000082d00000, 0x0000000082c00000| Untracked 
|  45|0x0000000082d00000, 0x0000000082e00000, 0x0000000082e00000|100%|HS|  |TAMS 0x0000000082e00000, 0x0000000082d00000| Complete 
|  46|0x0000000082e00000, 0x0000000082f00000, 0x0000000082f00000|100%|HC|  |TAMS 0x0000000082f00000, 0x0000000082e00000| Complete 
|  47|0x0000000082f00000, 0x0000000083000000, 0x0000000083000000|100%|HC|  |TAMS 0x0000000083000000, 0x0000000082f00000| Complete 
|  48|0x0000000083000000, 0x0000000083100000, 0x0000000083100000|100%|HC|  |TAMS 0x0000000083100000, 0x0000000083000000| Complete 
|  49|0x0000000083100000, 0x0000000083200000, 0x0000000083200000|100%|HS|  |TAMS 0x0000000083200000, 0x0000000083100000| Complete 
|  50|0x0000000083200000, 0x0000000083300000, 0x0000000083300000|100%|HS|  |TAMS 0x0000000083300000, 0x0000000083200000| Complete 
|  51|0x0000000083300000, 0x0000000083400000, 0x0000000083400000|100%|HC|  |TAMS 0x0000000083400000, 0x0000000083300000| Complete 
|  52|0x0000000083400000, 0x0000000083500000, 0x0000000083500000|100%| O|  |TAMS 0x0000000083500000, 0x0000000083400000| Untracked 
|  53|0x0000000083500000, 0x0000000083600000, 0x0000000083600000|100%| O|  |TAMS 0x0000000083600000, 0x0000000083500000| Untracked 
|  54|0x0000000083600000, 0x0000000083700000, 0x0000000083700000|100%| O|  |TAMS 0x0000000083700000, 0x0000000083600000| Untracked 
|  55|0x0000000083700000, 0x0000000083800000, 0x0000000083800000|100%| O|  |TAMS 0x0000000083800000, 0x0000000083700000| Untracked 
|  56|0x0000000083800000, 0x0000000083900000, 0x0000000083900000|100%| O|  |TAMS 0x0000000083900000, 0x0000000083800000| Untracked 
|  57|0x0000000083900000, 0x0000000083a00000, 0x0000000083a00000|100%| O|  |TAMS 0x0000000083a00000, 0x0000000083900000| Untracked 
|  58|0x0000000083a00000, 0x0000000083b00000, 0x0000000083b00000|100%| O|  |TAMS 0x0000000083b00000, 0x0000000083a00000| Untracked 
|  59|0x0000000083b00000, 0x0000000083c00000, 0x0000000083c00000|100%| O|  |TAMS 0x0000000083c00000, 0x0000000083b00000| Untracked 
|  60|0x0000000083c00000, 0x0000000083d00000, 0x0000000083d00000|100%| O|  |TAMS 0x0000000083d00000, 0x0000000083c00000| Untracked 
|  61|0x0000000083d00000, 0x0000000083e00000, 0x0000000083e00000|100%| O|  |TAMS 0x0000000083e00000, 0x0000000083d00000| Untracked 
|  62|0x0000000083e00000, 0x0000000083f00000, 0x0000000083f00000|100%| O|  |TAMS 0x0000000083f00000, 0x0000000083e00000| Untracked 
|  63|0x0000000083f00000, 0x0000000084000000, 0x0000000084000000|100%| O|  |TAMS 0x0000000084000000, 0x0000000083f00000| Untracked 
|  64|0x0000000084000000, 0x0000000084100000, 0x0000000084100000|100%| O|  |TAMS 0x0000000084100000, 0x0000000084000000| Untracked 
|  65|0x0000000084100000, 0x0000000084200000, 0x0000000084200000|100%| O|  |TAMS 0x0000000084200000, 0x0000000084100000| Untracked 
|  66|0x0000000084200000, 0x0000000084300000, 0x0000000084300000|100%| O|  |TAMS 0x0000000084300000, 0x0000000084200000| Untracked 
|  67|0x0000000084300000, 0x0000000084400000, 0x0000000084400000|100%| O|  |TAMS 0x0000000084400000, 0x0000000084300000| Untracked 
|  68|0x0000000084400000, 0x0000000084500000, 0x0000000084500000|100%| O|  |TAMS 0x0000000084500000, 0x0000000084400000| Untracked 
|  69|0x0000000084500000, 0x0000000084600000, 0x0000000084600000|100%| O|  |TAMS 0x0000000084600000, 0x0000000084500000| Untracked 
|  70|0x0000000084600000, 0x0000000084700000, 0x0000000084700000|100%| O|  |TAMS 0x0000000084700000, 0x0000000084600000| Untracked 
|  71|0x0000000084700000, 0x0000000084800000, 0x0000000084800000|100%| O|  |TAMS 0x0000000084800000, 0x0000000084700000| Untracked 
|  72|0x0000000084800000, 0x0000000084900000, 0x0000000084900000|100%| O|  |TAMS 0x0000000084900000, 0x0000000084800000| Untracked 
|  73|0x0000000084900000, 0x0000000084a00000, 0x0000000084a00000|100%| O|  |TAMS 0x0000000084a00000, 0x0000000084900000| Untracked 
|  74|0x0000000084a00000, 0x0000000084b00000, 0x0000000084b00000|100%| O|  |TAMS 0x0000000084b00000, 0x0000000084a00000| Untracked 
|  75|0x0000000084b00000, 0x0000000084c00000, 0x0000000084c00000|100%| O|  |TAMS 0x0000000084c00000, 0x0000000084b00000| Untracked 
|  76|0x0000000084c00000, 0x0000000084d00000, 0x0000000084d00000|100%| O|  |TAMS 0x0000000084d00000, 0x0000000084c00000| Untracked 
|  77|0x0000000084d00000, 0x0000000084e00000, 0x0000000084e00000|100%| O|  |TAMS 0x0000000084e00000, 0x0000000084d00000| Untracked 
|  78|0x0000000084e00000, 0x0000000084f00000, 0x0000000084f00000|100%| O|  |TAMS 0x0000000084f00000, 0x0000000084e00000| Untracked 
|  79|0x0000000084f00000, 0x0000000085000000, 0x0000000085000000|100%| O|  |TAMS 0x0000000085000000, 0x0000000084f00000| Untracked 
|  80|0x0000000085000000, 0x0000000085100000, 0x0000000085100000|100%| O|  |TAMS 0x0000000085100000, 0x0000000085000000| Untracked 
|  81|0x0000000085100000, 0x0000000085200000, 0x0000000085200000|100%| O|  |TAMS 0x0000000085200000, 0x0000000085100000| Untracked 
|  82|0x0000000085200000, 0x0000000085300000, 0x0000000085300000|100%| O|  |TAMS 0x0000000085300000, 0x0000000085200000| Untracked 
|  83|0x0000000085300000, 0x0000000085400000, 0x0000000085400000|100%| O|  |TAMS 0x0000000085400000, 0x0000000085300000| Untracked 
|  84|0x0000000085400000, 0x0000000085500000, 0x0000000085500000|100%| O|  |TAMS 0x0000000085500000, 0x0000000085400000| Untracked 
|  85|0x0000000085500000, 0x0000000085600000, 0x0000000085600000|100%| O|  |TAMS 0x0000000085600000, 0x0000000085500000| Untracked 
|  86|0x0000000085600000, 0x0000000085700000, 0x0000000085700000|100%| O|  |TAMS 0x0000000085700000, 0x0000000085600000| Untracked 
|  87|0x0000000085700000, 0x0000000085800000, 0x0000000085800000|100%| O|  |TAMS 0x0000000085800000, 0x0000000085700000| Untracked 
|  88|0x0000000085800000, 0x0000000085900000, 0x0000000085900000|100%| O|  |TAMS 0x0000000085900000, 0x0000000085800000| Untracked 
|  89|0x0000000085900000, 0x0000000085a00000, 0x0000000085a00000|100%| O|  |TAMS 0x0000000085a00000, 0x0000000085900000| Untracked 
|  90|0x0000000085a00000, 0x0000000085b00000, 0x0000000085b00000|100%|HS|  |TAMS 0x0000000085b00000, 0x0000000085a00000| Complete 
|  91|0x0000000085b00000, 0x0000000085c00000, 0x0000000085c00000|100%|HC|  |TAMS 0x0000000085c00000, 0x0000000085b00000| Complete 
|  92|0x0000000085c00000, 0x0000000085d00000, 0x0000000085d00000|100%|HS|  |TAMS 0x0000000085d00000, 0x0000000085c00000| Complete 
|  93|0x0000000085d00000, 0x0000000085e00000, 0x0000000085e00000|100%|HC|  |TAMS 0x0000000085e00000, 0x0000000085d00000| Complete 
|  94|0x0000000085e00000, 0x0000000085f00000, 0x0000000085f00000|100%|HC|  |TAMS 0x0000000085f00000, 0x0000000085e00000| Complete 
|  95|0x0000000085f00000, 0x0000000086000000, 0x0000000086000000|100%|HS|  |TAMS 0x0000000086000000, 0x0000000085f00000| Complete 
|  96|0x0000000086000000, 0x0000000086100000, 0x0000000086100000|100%|HS|  |TAMS 0x0000000086100000, 0x0000000086000000| Complete 
|  97|0x0000000086100000, 0x0000000086200000, 0x0000000086200000|100%|HC|  |TAMS 0x0000000086200000, 0x0000000086100000| Complete 
|  98|0x0000000086200000, 0x0000000086300000, 0x0000000086300000|100%|HC|  |TAMS 0x0000000086300000, 0x0000000086200000| Complete 
|  99|0x0000000086300000, 0x0000000086400000, 0x0000000086400000|100%|HC|  |TAMS 0x0000000086400000, 0x0000000086300000| Complete 
| 100|0x0000000086400000, 0x0000000086500000, 0x0000000086500000|100%| O|  |TAMS 0x0000000086500000, 0x0000000086400000| Untracked 
| 101|0x0000000086500000, 0x0000000086600000, 0x0000000086600000|100%| O|  |TAMS 0x0000000086600000, 0x0000000086500000| Untracked 
| 102|0x0000000086600000, 0x0000000086700000, 0x0000000086700000|100%| O|  |TAMS 0x0000000086700000, 0x0000000086600000| Untracked 
| 103|0x0000000086700000, 0x0000000086800000, 0x0000000086800000|100%| O|  |TAMS 0x0000000086800000, 0x0000000086700000| Untracked 
| 104|0x0000000086800000, 0x0000000086900000, 0x0000000086900000|100%| O|  |TAMS 0x0000000086900000, 0x0000000086800000| Untracked 
| 105|0x0000000086900000, 0x0000000086a00000, 0x0000000086a00000|100%| O|  |TAMS 0x0000000086900000, 0x0000000086900000| Untracked 
| 106|0x0000000086a00000, 0x0000000086b00000, 0x0000000086b00000|100%| O|  |TAMS 0x0000000086b00000, 0x0000000086a00000| Untracked 
| 107|0x0000000086b00000, 0x0000000086c00000, 0x0000000086c00000|100%| O|  |TAMS 0x0000000086c00000, 0x0000000086b00000| Untracked 
| 108|0x0000000086c00000, 0x0000000086d00000, 0x0000000086d00000|100%| O|  |TAMS 0x0000000086d00000, 0x0000000086c00000| Untracked 
| 109|0x0000000086d00000, 0x0000000086e00000, 0x0000000086e00000|100%| O|  |TAMS 0x0000000086e00000, 0x0000000086d00000| Untracked 
| 110|0x0000000086e00000, 0x0000000086f00000, 0x0000000086f00000|100%| O|  |TAMS 0x0000000086f00000, 0x0000000086e00000| Untracked 
| 111|0x0000000086f00000, 0x0000000087000000, 0x0000000087000000|100%| O|  |TAMS 0x0000000086f00000, 0x0000000086f00000| Untracked 
| 112|0x0000000087000000, 0x0000000087100000, 0x0000000087100000|100%| O|  |TAMS 0x0000000087100000, 0x0000000087000000| Untracked 
| 113|0x0000000087100000, 0x0000000087200000, 0x0000000087200000|100%| O|  |TAMS 0x0000000087100000, 0x0000000087100000| Untracked 
| 114|0x0000000087200000, 0x0000000087300000, 0x0000000087300000|100%| O|  |TAMS 0x0000000087300000, 0x0000000087200000| Untracked 
| 115|0x0000000087300000, 0x0000000087400000, 0x0000000087400000|100%| O|  |TAMS 0x0000000087400000, 0x0000000087300000| Untracked 
| 116|0x0000000087400000, 0x0000000087500000, 0x0000000087500000|100%| O|  |TAMS 0x0000000087500000, 0x0000000087400000| Untracked 
| 117|0x0000000087500000, 0x0000000087600000, 0x0000000087600000|100%| O|  |TAMS 0x0000000087600000, 0x0000000087500000| Untracked 
| 118|0x0000000087600000, 0x0000000087700000, 0x0000000087700000|100%| O|  |TAMS 0x0000000087600000, 0x0000000087600000| Untracked 
| 119|0x0000000087700000, 0x0000000087800000, 0x0000000087800000|100%| O|  |TAMS 0x0000000087800000, 0x0000000087700000| Untracked 
| 120|0x0000000087800000, 0x0000000087900000, 0x0000000087900000|100%| O|  |TAMS 0x0000000087900000, 0x0000000087800000| Untracked 
| 121|0x0000000087900000, 0x0000000087a00000, 0x0000000087a00000|100%| O|  |TAMS 0x0000000087900000, 0x0000000087900000| Untracked 
| 122|0x0000000087a00000, 0x0000000087b00000, 0x0000000087b00000|100%| O|  |TAMS 0x0000000087b00000, 0x0000000087a00000| Untracked 
| 123|0x0000000087b00000, 0x0000000087c00000, 0x0000000087c00000|100%| O|  |TAMS 0x0000000087c00000, 0x0000000087b00000| Untracked 
| 124|0x0000000087c00000, 0x0000000087d00000, 0x0000000087d00000|100%| O|  |TAMS 0x0000000087d00000, 0x0000000087c00000| Untracked 
| 125|0x0000000087d00000, 0x0000000087e00000, 0x0000000087e00000|100%| O|  |TAMS 0x0000000087e00000, 0x0000000087d00000| Untracked 
| 126|0x0000000087e00000, 0x0000000087f00000, 0x0000000087f00000|100%| O|  |TAMS 0x0000000087f00000, 0x0000000087e00000| Untracked 
| 127|0x0000000087f00000, 0x0000000088000000, 0x0000000088000000|100%| O|  |TAMS 0x0000000088000000, 0x0000000087f00000| Untracked 
| 128|0x0000000088000000, 0x0000000088100000, 0x0000000088100000|100%| O|  |TAMS 0x0000000088100000, 0x0000000088000000| Untracked 
| 129|0x0000000088100000, 0x0000000088200000, 0x0000000088200000|100%| O|  |TAMS 0x0000000088200000, 0x0000000088100000| Untracked 
| 130|0x0000000088200000, 0x0000000088300000, 0x0000000088300000|100%| O|  |TAMS 0x0000000088200000, 0x0000000088200000| Untracked 
| 131|0x0000000088300000, 0x0000000088400000, 0x0000000088400000|100%| O|  |TAMS 0x0000000088400000, 0x0000000088300000| Untracked 
| 132|0x0000000088400000, 0x0000000088500000, 0x0000000088500000|100%| O|  |TAMS 0x0000000088500000, 0x0000000088400000| Untracked 
| 133|0x0000000088500000, 0x0000000088600000, 0x0000000088600000|100%| O|  |TAMS 0x0000000088600000, 0x0000000088500000| Untracked 
| 134|0x0000000088600000, 0x0000000088700000, 0x0000000088700000|100%| O|  |TAMS 0x0000000088700000, 0x0000000088600000| Untracked 
| 135|0x0000000088700000, 0x0000000088800000, 0x0000000088800000|100%| O|  |TAMS 0x0000000088800000, 0x0000000088700000| Untracked 
| 136|0x0000000088800000, 0x0000000088900000, 0x0000000088900000|100%| O|  |TAMS 0x0000000088900000, 0x0000000088800000| Untracked 
| 137|0x0000000088900000, 0x0000000088a00000, 0x0000000088a00000|100%| O|  |TAMS 0x0000000088900000, 0x0000000088900000| Untracked 
| 138|0x0000000088a00000, 0x0000000088b00000, 0x0000000088b00000|100%| O|  |TAMS 0x0000000088b00000, 0x0000000088a00000| Untracked 
| 139|0x0000000088b00000, 0x0000000088c00000, 0x0000000088c00000|100%| O|  |TAMS 0x0000000088c00000, 0x0000000088b00000| Untracked 
| 140|0x0000000088c00000, 0x0000000088d00000, 0x0000000088d00000|100%| O|  |TAMS 0x0000000088d00000, 0x0000000088c00000| Untracked 
| 141|0x0000000088d00000, 0x0000000088e00000, 0x0000000088e00000|100%| O|  |TAMS 0x0000000088e00000, 0x0000000088d00000| Untracked 
| 142|0x0000000088e00000, 0x0000000088f00000, 0x0000000088f00000|100%| O|  |TAMS 0x0000000088f00000, 0x0000000088e00000| Untracked 
| 143|0x0000000088f00000, 0x0000000089000000, 0x0000000089000000|100%| O|  |TAMS 0x0000000088f00000, 0x0000000088f00000| Untracked 
| 144|0x0000000089000000, 0x0000000089100000, 0x0000000089100000|100%| O|  |TAMS 0x0000000089000000, 0x0000000089000000| Untracked 
| 145|0x0000000089100000, 0x0000000089200000, 0x0000000089200000|100%| O|  |TAMS 0x0000000089200000, 0x0000000089100000| Untracked 
| 146|0x0000000089200000, 0x0000000089300000, 0x0000000089300000|100%| O|  |TAMS 0x0000000089300000, 0x0000000089200000| Untracked 
| 147|0x0000000089300000, 0x0000000089400000, 0x0000000089400000|100%| O|  |TAMS 0x0000000089400000, 0x0000000089300000| Untracked 
| 148|0x0000000089400000, 0x0000000089500000, 0x0000000089500000|100%| O|  |TAMS 0x0000000089400000, 0x0000000089400000| Untracked 
| 149|0x0000000089500000, 0x0000000089600000, 0x0000000089600000|100%| O|  |TAMS 0x0000000089600000, 0x0000000089500000| Untracked 
| 150|0x0000000089600000, 0x0000000089700000, 0x0000000089700000|100%| O|  |TAMS 0x0000000089700000, 0x0000000089600000| Untracked 
| 151|0x0000000089700000, 0x0000000089800000, 0x0000000089800000|100%| O|  |TAMS 0x0000000089700000, 0x0000000089700000| Untracked 
| 152|0x0000000089800000, 0x0000000089900000, 0x0000000089900000|100%| O|  |TAMS 0x0000000089800000, 0x0000000089800000| Untracked 
| 153|0x0000000089900000, 0x0000000089a00000, 0x0000000089a00000|100%| O|  |TAMS 0x0000000089a00000, 0x0000000089900000| Untracked 
| 154|0x0000000089a00000, 0x0000000089b00000, 0x0000000089b00000|100%| O|  |TAMS 0x0000000089b00000, 0x0000000089a00000| Untracked 
| 155|0x0000000089b00000, 0x0000000089c00000, 0x0000000089c00000|100%| O|  |TAMS 0x0000000089b00000, 0x0000000089b00000| Untracked 
| 156|0x0000000089c00000, 0x0000000089d00000, 0x0000000089d00000|100%| O|  |TAMS 0x0000000089d00000, 0x0000000089c00000| Untracked 
| 157|0x0000000089d00000, 0x0000000089e00000, 0x0000000089e00000|100%| O|  |TAMS 0x0000000089d00000, 0x0000000089d00000| Untracked 
| 158|0x0000000089e00000, 0x0000000089f00000, 0x0000000089f00000|100%| O|  |TAMS 0x0000000089e00000, 0x0000000089e00000| Untracked 
| 159|0x0000000089f00000, 0x000000008a000000, 0x000000008a000000|100%| O|  |TAMS 0x0000000089f00000, 0x0000000089f00000| Untracked 
| 160|0x000000008a000000, 0x000000008a100000, 0x000000008a100000|100%| O|  |TAMS 0x000000008a100000, 0x000000008a000000| Untracked 
| 161|0x000000008a100000, 0x000000008a200000, 0x000000008a200000|100%| O|  |TAMS 0x000000008a200000, 0x000000008a100000| Untracked 
| 162|0x000000008a200000, 0x000000008a300000, 0x000000008a300000|100%| O|  |TAMS 0x000000008a300000, 0x000000008a200000| Untracked 
| 163|0x000000008a300000, 0x000000008a400000, 0x000000008a400000|100%| O|  |TAMS 0x000000008a300000, 0x000000008a300000| Untracked 
| 164|0x000000008a400000, 0x000000008a500000, 0x000000008a500000|100%| O|  |TAMS 0x000000008a500000, 0x000000008a400000| Untracked 
| 165|0x000000008a500000, 0x000000008a600000, 0x000000008a600000|100%| O|  |TAMS 0x000000008a500000, 0x000000008a500000| Untracked 
| 166|0x000000008a600000, 0x000000008a700000, 0x000000008a700000|100%| O|  |TAMS 0x000000008a600000, 0x000000008a600000| Untracked 
| 167|0x000000008a700000, 0x000000008a800000, 0x000000008a800000|100%| O|  |TAMS 0x000000008a800000, 0x000000008a700000| Untracked 
| 168|0x000000008a800000, 0x000000008a900000, 0x000000008a900000|100%| O|  |TAMS 0x000000008a900000, 0x000000008a800000| Untracked 
| 169|0x000000008a900000, 0x000000008aa00000, 0x000000008aa00000|100%| O|  |TAMS 0x000000008a900000, 0x000000008a900000| Untracked 
| 170|0x000000008aa00000, 0x000000008ab00000, 0x000000008ab00000|100%| O|  |TAMS 0x000000008ab00000, 0x000000008aa00000| Untracked 
| 171|0x000000008ab00000, 0x000000008ac00000, 0x000000008ac00000|100%| O|  |TAMS 0x000000008ac00000, 0x000000008ab00000| Untracked 
| 172|0x000000008ac00000, 0x000000008ad00000, 0x000000008ad00000|100%| O|  |TAMS 0x000000008ad00000, 0x000000008ac00000| Untracked 
| 173|0x000000008ad00000, 0x000000008ae00000, 0x000000008ae00000|100%| O|  |TAMS 0x000000008ae00000, 0x000000008ad00000| Untracked 
| 174|0x000000008ae00000, 0x000000008af00000, 0x000000008af00000|100%| O|  |TAMS 0x000000008af00000, 0x000000008ae00000| Untracked 
| 175|0x000000008af00000, 0x000000008b000000, 0x000000008b000000|100%| O|  |TAMS 0x000000008b000000, 0x000000008af00000| Untracked 
| 176|0x000000008b000000, 0x000000008b100000, 0x000000008b100000|100%| O|  |TAMS 0x000000008b000000, 0x000000008b000000| Untracked 
| 177|0x000000008b100000, 0x000000008b200000, 0x000000008b200000|100%| O|  |TAMS 0x000000008b100000, 0x000000008b100000| Untracked 
| 178|0x000000008b200000, 0x000000008b300000, 0x000000008b300000|100%| O|  |TAMS 0x000000008b200000, 0x000000008b200000| Untracked 
| 179|0x000000008b300000, 0x000000008b400000, 0x000000008b400000|100%| O|  |TAMS 0x000000008b300000, 0x000000008b300000| Untracked 
| 180|0x000000008b400000, 0x000000008b500000, 0x000000008b500000|100%| O|  |TAMS 0x000000008b500000, 0x000000008b400000| Untracked 
| 181|0x000000008b500000, 0x000000008b600000, 0x000000008b600000|100%| O|  |TAMS 0x000000008b500000, 0x000000008b500000| Untracked 
| 182|0x000000008b600000, 0x000000008b700000, 0x000000008b700000|100%| O|  |TAMS 0x000000008b600000, 0x000000008b600000| Untracked 
| 183|0x000000008b700000, 0x000000008b800000, 0x000000008b800000|100%| O|  |TAMS 0x000000008b700000, 0x000000008b700000| Untracked 
| 184|0x000000008b800000, 0x000000008b900000, 0x000000008b900000|100%| O|  |TAMS 0x000000008b800000, 0x000000008b800000| Untracked 
| 185|0x000000008b900000, 0x000000008b93fe00, 0x000000008ba00000| 24%| O|  |TAMS 0x000000008b900000, 0x000000008b900000| Untracked 
| 186|0x000000008ba00000, 0x000000008ba00000, 0x000000008bb00000|  0%| F|  |TAMS 0x000000008ba00000, 0x000000008ba00000| Untracked 
| 187|0x000000008bb00000, 0x000000008bb00000, 0x000000008bc00000|  0%| F|  |TAMS 0x000000008bb00000, 0x000000008bb00000| Untracked 
| 188|0x000000008bc00000, 0x000000008bc00000, 0x000000008bd00000|  0%| F|  |TAMS 0x000000008bc00000, 0x000000008bc00000| Untracked 
| 189|0x000000008bd00000, 0x000000008be00000, 0x000000008be00000|100%| O|  |TAMS 0x000000008be00000, 0x000000008bd00000| Untracked 
| 190|0x000000008be00000, 0x000000008bf00000, 0x000000008bf00000|100%| O|  |TAMS 0x000000008bf00000, 0x000000008be00000| Untracked 
| 191|0x000000008bf00000, 0x000000008c000000, 0x000000008c000000|100%| O|  |TAMS 0x000000008c000000, 0x000000008bf00000| Untracked 
| 192|0x000000008c000000, 0x000000008c000000, 0x000000008c100000|  0%| F|  |TAMS 0x000000008c000000, 0x000000008c000000| Untracked 
| 193|0x000000008c100000, 0x000000008c200000, 0x000000008c200000|100%| O|  |TAMS 0x000000008c200000, 0x000000008c100000| Untracked 
| 194|0x000000008c200000, 0x000000008c300000, 0x000000008c300000|100%| O|  |TAMS 0x000000008c300000, 0x000000008c200000| Untracked 
| 195|0x000000008c300000, 0x000000008c300000, 0x000000008c400000|  0%| F|  |TAMS 0x000000008c300000, 0x000000008c300000| Untracked 
| 196|0x000000008c400000, 0x000000008c500000, 0x000000008c500000|100%| O|  |TAMS 0x000000008c500000, 0x000000008c400000| Untracked 
| 197|0x000000008c500000, 0x000000008c500000, 0x000000008c600000|  0%| F|  |TAMS 0x000000008c500000, 0x000000008c500000| Untracked 
| 198|0x000000008c600000, 0x000000008c600000, 0x000000008c700000|  0%| F|  |TAMS 0x000000008c600000, 0x000000008c600000| Untracked 
| 199|0x000000008c700000, 0x000000008c700000, 0x000000008c800000|  0%| F|  |TAMS 0x000000008c700000, 0x000000008c700000| Untracked 
| 200|0x000000008c800000, 0x000000008c800000, 0x000000008c900000|  0%| F|  |TAMS 0x000000008c800000, 0x000000008c800000| Untracked 
| 201|0x000000008c900000, 0x000000008c900000, 0x000000008ca00000|  0%| F|  |TAMS 0x000000008c900000, 0x000000008c900000| Untracked 
| 202|0x000000008ca00000, 0x000000008cb00000, 0x000000008cb00000|100%| O|  |TAMS 0x000000008cb00000, 0x000000008ca00000| Untracked 
| 203|0x000000008cb00000, 0x000000008cb00000, 0x000000008cc00000|  0%| F|  |TAMS 0x000000008cb00000, 0x000000008cb00000| Untracked 
| 204|0x000000008cc00000, 0x000000008cc00000, 0x000000008cd00000|  0%| F|  |TAMS 0x000000008cc00000, 0x000000008cc00000| Untracked 
| 205|0x000000008cd00000, 0x000000008cd00000, 0x000000008ce00000|  0%| F|  |TAMS 0x000000008cd00000, 0x000000008cd00000| Untracked 
| 206|0x000000008ce00000, 0x000000008ce00000, 0x000000008cf00000|  0%| F|  |TAMS 0x000000008ce00000, 0x000000008ce00000| Untracked 
| 207|0x000000008cf00000, 0x000000008cf00000, 0x000000008d000000|  0%| F|  |TAMS 0x000000008cf00000, 0x000000008cf00000| Untracked 
| 208|0x000000008d000000, 0x000000008d100000, 0x000000008d100000|100%| O|  |TAMS 0x000000008d100000, 0x000000008d000000| Untracked 
| 209|0x000000008d100000, 0x000000008d100000, 0x000000008d200000|  0%| F|  |TAMS 0x000000008d100000, 0x000000008d100000| Untracked 
| 210|0x000000008d200000, 0x000000008d200000, 0x000000008d300000|  0%| F|  |TAMS 0x000000008d200000, 0x000000008d200000| Untracked 
| 211|0x000000008d300000, 0x000000008d300000, 0x000000008d400000|  0%| F|  |TAMS 0x000000008d300000, 0x000000008d300000| Untracked 
| 212|0x000000008d400000, 0x000000008d400000, 0x000000008d500000|  0%| F|  |TAMS 0x000000008d400000, 0x000000008d400000| Untracked 
| 213|0x000000008d500000, 0x000000008d600000, 0x000000008d600000|100%| O|  |TAMS 0x000000008d600000, 0x000000008d500000| Untracked 
| 214|0x000000008d600000, 0x000000008d700000, 0x000000008d700000|100%| O|  |TAMS 0x000000008d700000, 0x000000008d600000| Untracked 
| 215|0x000000008d700000, 0x000000008d800000, 0x000000008d800000|100%| O|  |TAMS 0x000000008d800000, 0x000000008d700000| Untracked 
| 216|0x000000008d800000, 0x000000008d900000, 0x000000008d900000|100%| O|  |TAMS 0x000000008d900000, 0x000000008d800000| Untracked 
| 217|0x000000008d900000, 0x000000008da00000, 0x000000008da00000|100%| O|  |TAMS 0x000000008da00000, 0x000000008d900000| Untracked 
| 218|0x000000008da00000, 0x000000008db00000, 0x000000008db00000|100%| O|  |TAMS 0x000000008db00000, 0x000000008da00000| Untracked 
| 219|0x000000008db00000, 0x000000008dc00000, 0x000000008dc00000|100%| O|  |TAMS 0x000000008dc00000, 0x000000008db00000| Untracked 
| 220|0x000000008dc00000, 0x000000008dd00000, 0x000000008dd00000|100%| O|  |TAMS 0x000000008dd00000, 0x000000008dc00000| Untracked 
| 221|0x000000008dd00000, 0x000000008de00000, 0x000000008de00000|100%| O|  |TAMS 0x000000008de00000, 0x000000008dd00000| Untracked 
| 222|0x000000008de00000, 0x000000008df00000, 0x000000008df00000|100%| O|  |TAMS 0x000000008df00000, 0x000000008de00000| Untracked 
| 223|0x000000008df00000, 0x000000008e000000, 0x000000008e000000|100%| O|  |TAMS 0x000000008e000000, 0x000000008df00000| Untracked 
| 224|0x000000008e000000, 0x000000008e100000, 0x000000008e100000|100%| O|  |TAMS 0x000000008e100000, 0x000000008e000000| Untracked 
| 225|0x000000008e100000, 0x000000008e200000, 0x000000008e200000|100%| O|  |TAMS 0x000000008e200000, 0x000000008e100000| Untracked 
| 226|0x000000008e200000, 0x000000008e300000, 0x000000008e300000|100%| O|  |TAMS 0x000000008e300000, 0x000000008e200000| Untracked 
| 227|0x000000008e300000, 0x000000008e300000, 0x000000008e400000|  0%| F|  |TAMS 0x000000008e300000, 0x000000008e300000| Untracked 
| 228|0x000000008e400000, 0x000000008e500000, 0x000000008e500000|100%| O|  |TAMS 0x000000008e500000, 0x000000008e400000| Untracked 
| 229|0x000000008e500000, 0x000000008e600000, 0x000000008e600000|100%| O|  |TAMS 0x000000008e600000, 0x000000008e500000| Untracked 
| 230|0x000000008e600000, 0x000000008e700000, 0x000000008e700000|100%|HS|  |TAMS 0x000000008e700000, 0x000000008e600000| Complete 
| 231|0x000000008e700000, 0x000000008e800000, 0x000000008e800000|100%| O|  |TAMS 0x000000008e800000, 0x000000008e700000| Untracked 
| 232|0x000000008e800000, 0x000000008e900000, 0x000000008e900000|100%| O|  |TAMS 0x000000008e900000, 0x000000008e800000| Untracked 
| 233|0x000000008e900000, 0x000000008ea00000, 0x000000008ea00000|100%| O|  |TAMS 0x000000008ea00000, 0x000000008e900000| Untracked 
| 234|0x000000008ea00000, 0x000000008eb00000, 0x000000008eb00000|100%| O|  |TAMS 0x000000008eb00000, 0x000000008ea00000| Untracked 
| 235|0x000000008eb00000, 0x000000008ec00000, 0x000000008ec00000|100%| O|  |TAMS 0x000000008ec00000, 0x000000008eb00000| Untracked 
| 236|0x000000008ec00000, 0x000000008ed00000, 0x000000008ed00000|100%| O|  |TAMS 0x000000008ed00000, 0x000000008ec00000| Untracked 
| 237|0x000000008ed00000, 0x000000008ee00000, 0x000000008ee00000|100%| O|  |TAMS 0x000000008ee00000, 0x000000008ed00000| Untracked 
| 238|0x000000008ee00000, 0x000000008ef00000, 0x000000008ef00000|100%| O|  |TAMS 0x000000008ef00000, 0x000000008ee00000| Untracked 
| 239|0x000000008ef00000, 0x000000008f000000, 0x000000008f000000|100%| O|  |TAMS 0x000000008ef00000, 0x000000008ef00000| Untracked 
| 240|0x000000008f000000, 0x000000008f100000, 0x000000008f100000|100%| O|  |TAMS 0x000000008f000000, 0x000000008f000000| Untracked 
| 241|0x000000008f100000, 0x000000008f200000, 0x000000008f200000|100%| O|  |TAMS 0x000000008f100000, 0x000000008f100000| Untracked 
| 242|0x000000008f200000, 0x000000008f300000, 0x000000008f300000|100%| O|  |TAMS 0x000000008f200000, 0x000000008f200000| Untracked 
| 243|0x000000008f300000, 0x000000008f300000, 0x000000008f400000|  0%| F|  |TAMS 0x000000008f300000, 0x000000008f300000| Untracked 
| 244|0x000000008f400000, 0x000000008f400000, 0x000000008f500000|  0%| F|  |TAMS 0x000000008f400000, 0x000000008f400000| Untracked 
| 245|0x000000008f500000, 0x000000008f500000, 0x000000008f600000|  0%| F|  |TAMS 0x000000008f500000, 0x000000008f500000| Untracked 
| 246|0x000000008f600000, 0x000000008f600000, 0x000000008f700000|  0%| F|  |TAMS 0x000000008f600000, 0x000000008f600000| Untracked 
| 247|0x000000008f700000, 0x000000008f700000, 0x000000008f800000|  0%| F|  |TAMS 0x000000008f700000, 0x000000008f700000| Untracked 
| 248|0x000000008f800000, 0x000000008f900000, 0x000000008f900000|100%| O|  |TAMS 0x000000008f800000, 0x000000008f800000| Untracked 
| 249|0x000000008f900000, 0x000000008fa00000, 0x000000008fa00000|100%| O|  |TAMS 0x000000008f900000, 0x000000008f900000| Untracked 
| 250|0x000000008fa00000, 0x000000008fb00000, 0x000000008fb00000|100%| O|  |TAMS 0x000000008fa00000, 0x000000008fa00000| Untracked 
| 251|0x000000008fb00000, 0x000000008fc00000, 0x000000008fc00000|100%| O|  |TAMS 0x000000008fb00000, 0x000000008fb00000| Untracked 
| 252|0x000000008fc00000, 0x000000008fc00000, 0x000000008fd00000|  0%| F|  |TAMS 0x000000008fc00000, 0x000000008fc00000| Untracked 
| 253|0x000000008fd00000, 0x000000008fd00000, 0x000000008fe00000|  0%| F|  |TAMS 0x000000008fd00000, 0x000000008fd00000| Untracked 
| 254|0x000000008fe00000, 0x000000008fe00000, 0x000000008ff00000|  0%| F|  |TAMS 0x000000008fe00000, 0x000000008fe00000| Untracked 
| 255|0x000000008ff00000, 0x000000008ff00000, 0x0000000090000000|  0%| F|  |TAMS 0x000000008ff00000, 0x000000008ff00000| Untracked 
| 256|0x0000000090000000, 0x0000000090000000, 0x0000000090100000|  0%| F|  |TAMS 0x0000000090000000, 0x0000000090000000| Untracked 
| 257|0x0000000090100000, 0x0000000090100000, 0x0000000090200000|  0%| F|  |TAMS 0x0000000090100000, 0x0000000090100000| Untracked 
| 258|0x0000000090200000, 0x0000000090200000, 0x0000000090300000|  0%| F|  |TAMS 0x0000000090200000, 0x0000000090200000| Untracked 
| 259|0x0000000090300000, 0x0000000090300000, 0x0000000090400000|  0%| F|  |TAMS 0x0000000090300000, 0x0000000090300000| Untracked 
| 260|0x0000000090400000, 0x0000000090400000, 0x0000000090500000|  0%| F|  |TAMS 0x0000000090400000, 0x0000000090400000| Untracked 
| 261|0x0000000090500000, 0x0000000090500000, 0x0000000090600000|  0%| F|  |TAMS 0x0000000090500000, 0x0000000090500000| Untracked 
| 262|0x0000000090600000, 0x0000000090600000, 0x0000000090700000|  0%| F|  |TAMS 0x0000000090600000, 0x0000000090600000| Untracked 
| 263|0x0000000090700000, 0x0000000090700000, 0x0000000090800000|  0%| F|  |TAMS 0x0000000090700000, 0x0000000090700000| Untracked 
| 264|0x0000000090800000, 0x0000000090800000, 0x0000000090900000|  0%| F|  |TAMS 0x0000000090800000, 0x0000000090800000| Untracked 
| 265|0x0000000090900000, 0x0000000090900000, 0x0000000090a00000|  0%| F|  |TAMS 0x0000000090900000, 0x0000000090900000| Untracked 
| 266|0x0000000090a00000, 0x0000000090a00000, 0x0000000090b00000|  0%| F|  |TAMS 0x0000000090a00000, 0x0000000090a00000| Untracked 
| 267|0x0000000090b00000, 0x0000000090c00000, 0x0000000090c00000|100%| O|  |TAMS 0x0000000090b00000, 0x0000000090b00000| Untracked 
| 268|0x0000000090c00000, 0x0000000090d00000, 0x0000000090d00000|100%| O|  |TAMS 0x0000000090c00000, 0x0000000090c00000| Untracked 
| 269|0x0000000090d00000, 0x0000000090e00000, 0x0000000090e00000|100%| O|  |TAMS 0x0000000090d00000, 0x0000000090d00000| Untracked 
| 270|0x0000000090e00000, 0x0000000090f00000, 0x0000000090f00000|100%| O|  |TAMS 0x0000000090e00000, 0x0000000090e00000| Untracked 
| 271|0x0000000090f00000, 0x0000000090f00000, 0x0000000091000000|  0%| F|  |TAMS 0x0000000090f00000, 0x0000000090f00000| Untracked 
| 272|0x0000000091000000, 0x0000000091000000, 0x0000000091100000|  0%| F|  |TAMS 0x0000000091000000, 0x0000000091000000| Untracked 
| 273|0x0000000091100000, 0x0000000091100000, 0x0000000091200000|  0%| F|  |TAMS 0x0000000091100000, 0x0000000091100000| Untracked 
| 274|0x0000000091200000, 0x0000000091200000, 0x0000000091300000|  0%| F|  |TAMS 0x0000000091200000, 0x0000000091200000| Untracked 
| 275|0x0000000091300000, 0x0000000091300000, 0x0000000091400000|  0%| F|  |TAMS 0x0000000091300000, 0x0000000091300000| Untracked 
| 276|0x0000000091400000, 0x0000000091400000, 0x0000000091500000|  0%| F|  |TAMS 0x0000000091400000, 0x0000000091400000| Untracked 
| 277|0x0000000091500000, 0x0000000091500000, 0x0000000091600000|  0%| F|  |TAMS 0x0000000091500000, 0x0000000091500000| Untracked 
| 278|0x0000000091600000, 0x0000000091600000, 0x0000000091700000|  0%| F|  |TAMS 0x0000000091600000, 0x0000000091600000| Untracked 
| 279|0x0000000091700000, 0x0000000091700000, 0x0000000091800000|  0%| F|  |TAMS 0x0000000091700000, 0x0000000091700000| Untracked 
| 280|0x0000000091800000, 0x0000000091800000, 0x0000000091900000|  0%| F|  |TAMS 0x0000000091800000, 0x0000000091800000| Untracked 
| 281|0x0000000091900000, 0x0000000091900000, 0x0000000091a00000|  0%| F|  |TAMS 0x0000000091900000, 0x0000000091900000| Untracked 
| 282|0x0000000091a00000, 0x0000000091a00000, 0x0000000091b00000|  0%| F|  |TAMS 0x0000000091a00000, 0x0000000091a00000| Untracked 
| 283|0x0000000091b00000, 0x0000000091b00000, 0x0000000091c00000|  0%| F|  |TAMS 0x0000000091b00000, 0x0000000091b00000| Untracked 
| 284|0x0000000091c00000, 0x0000000091c00000, 0x0000000091d00000|  0%| F|  |TAMS 0x0000000091c00000, 0x0000000091c00000| Untracked 
| 285|0x0000000091d00000, 0x0000000091d00000, 0x0000000091e00000|  0%| F|  |TAMS 0x0000000091d00000, 0x0000000091d00000| Untracked 
| 286|0x0000000091e00000, 0x0000000091e00000, 0x0000000091f00000|  0%| F|  |TAMS 0x0000000091e00000, 0x0000000091e00000| Untracked 
| 287|0x0000000091f00000, 0x0000000091f00000, 0x0000000092000000|  0%| F|  |TAMS 0x0000000091f00000, 0x0000000091f00000| Untracked 
| 288|0x0000000092000000, 0x0000000092100000, 0x0000000092100000|100%| S|CS|TAMS 0x0000000092000000, 0x0000000092000000| Complete 
| 289|0x0000000092100000, 0x0000000092200000, 0x0000000092200000|100%| S|CS|TAMS 0x0000000092100000, 0x0000000092100000| Complete 
| 290|0x0000000092200000, 0x0000000092300000, 0x0000000092300000|100%| S|CS|TAMS 0x0000000092200000, 0x0000000092200000| Complete 
| 291|0x0000000092300000, 0x0000000092400000, 0x0000000092400000|100%| S|CS|TAMS 0x0000000092300000, 0x0000000092300000| Complete 
| 292|0x0000000092400000, 0x0000000092400000, 0x0000000092500000|  0%| F|  |TAMS 0x0000000092400000, 0x0000000092400000| Untracked 
| 293|0x0000000092500000, 0x0000000092600000, 0x0000000092600000|100%| S|CS|TAMS 0x0000000092500000, 0x0000000092500000| Complete 
| 294|0x0000000092600000, 0x0000000092600000, 0x0000000092700000|  0%| F|  |TAMS 0x0000000092600000, 0x0000000092600000| Untracked 
| 295|0x0000000092700000, 0x0000000092700000, 0x0000000092800000|  0%| F|  |TAMS 0x0000000092700000, 0x0000000092700000| Untracked 
| 296|0x0000000092800000, 0x0000000092800000, 0x0000000092900000|  0%| F|  |TAMS 0x0000000092800000, 0x0000000092800000| Untracked 
| 297|0x0000000092900000, 0x0000000092900000, 0x0000000092a00000|  0%| F|  |TAMS 0x0000000092900000, 0x0000000092900000| Untracked 
| 298|0x0000000092a00000, 0x0000000092a00000, 0x0000000092b00000|  0%| F|  |TAMS 0x0000000092a00000, 0x0000000092a00000| Untracked 
| 299|0x0000000092b00000, 0x0000000092b00000, 0x0000000092c00000|  0%| F|  |TAMS 0x0000000092b00000, 0x0000000092b00000| Untracked 
| 300|0x0000000092c00000, 0x0000000092c00000, 0x0000000092d00000|  0%| F|  |TAMS 0x0000000092c00000, 0x0000000092c00000| Untracked 
| 301|0x0000000092d00000, 0x0000000092d00000, 0x0000000092e00000|  0%| F|  |TAMS 0x0000000092d00000, 0x0000000092d00000| Untracked 
| 302|0x0000000092e00000, 0x0000000092e00000, 0x0000000092f00000|  0%| F|  |TAMS 0x0000000092e00000, 0x0000000092e00000| Untracked 
| 303|0x0000000092f00000, 0x0000000092f00000, 0x0000000093000000|  0%| F|  |TAMS 0x0000000092f00000, 0x0000000092f00000| Untracked 
| 304|0x0000000093000000, 0x0000000093000000, 0x0000000093100000|  0%| F|  |TAMS 0x0000000093000000, 0x0000000093000000| Untracked 
| 305|0x0000000093100000, 0x0000000093100000, 0x0000000093200000|  0%| F|  |TAMS 0x0000000093100000, 0x0000000093100000| Untracked 
| 306|0x0000000093200000, 0x0000000093200000, 0x0000000093300000|  0%| F|  |TAMS 0x0000000093200000, 0x0000000093200000| Untracked 
| 307|0x0000000093300000, 0x0000000093300000, 0x0000000093400000|  0%| F|  |TAMS 0x0000000093300000, 0x0000000093300000| Untracked 
| 308|0x0000000093400000, 0x0000000093400000, 0x0000000093500000|  0%| F|  |TAMS 0x0000000093400000, 0x0000000093400000| Untracked 
| 309|0x0000000093500000, 0x0000000093500000, 0x0000000093600000|  0%| F|  |TAMS 0x0000000093500000, 0x0000000093500000| Untracked 
| 310|0x0000000093600000, 0x0000000093600000, 0x0000000093700000|  0%| F|  |TAMS 0x0000000093600000, 0x0000000093600000| Untracked 
| 311|0x0000000093700000, 0x0000000093700000, 0x0000000093800000|  0%| F|  |TAMS 0x0000000093700000, 0x0000000093700000| Untracked 
| 312|0x0000000093800000, 0x0000000093800000, 0x0000000093900000|  0%| F|  |TAMS 0x0000000093800000, 0x0000000093800000| Untracked 
| 313|0x0000000093900000, 0x0000000093900000, 0x0000000093a00000|  0%| F|  |TAMS 0x0000000093900000, 0x0000000093900000| Untracked 
| 314|0x0000000093a00000, 0x0000000093a00000, 0x0000000093b00000|  0%| F|  |TAMS 0x0000000093a00000, 0x0000000093a00000| Untracked 
| 315|0x0000000093b00000, 0x0000000093b00000, 0x0000000093c00000|  0%| F|  |TAMS 0x0000000093b00000, 0x0000000093b00000| Untracked 
| 316|0x0000000093c00000, 0x0000000093c00000, 0x0000000093d00000|  0%| F|  |TAMS 0x0000000093c00000, 0x0000000093c00000| Untracked 
| 317|0x0000000093d00000, 0x0000000093d00000, 0x0000000093e00000|  0%| F|  |TAMS 0x0000000093d00000, 0x0000000093d00000| Untracked 
| 318|0x0000000093e00000, 0x0000000093e00000, 0x0000000093f00000|  0%| F|  |TAMS 0x0000000093e00000, 0x0000000093e00000| Untracked 
| 319|0x0000000093f00000, 0x0000000093f00000, 0x0000000094000000|  0%| F|  |TAMS 0x0000000093f00000, 0x0000000093f00000| Untracked 
| 320|0x0000000094000000, 0x0000000094000000, 0x0000000094100000|  0%| F|  |TAMS 0x0000000094000000, 0x0000000094000000| Untracked 
| 321|0x0000000094100000, 0x0000000094100000, 0x0000000094200000|  0%| F|  |TAMS 0x0000000094100000, 0x0000000094100000| Untracked 
| 322|0x0000000094200000, 0x0000000094200000, 0x0000000094300000|  0%| F|  |TAMS 0x0000000094200000, 0x0000000094200000| Untracked 
| 323|0x0000000094300000, 0x0000000094300000, 0x0000000094400000|  0%| F|  |TAMS 0x0000000094300000, 0x0000000094300000| Untracked 
| 324|0x0000000094400000, 0x0000000094400000, 0x0000000094500000|  0%| F|  |TAMS 0x0000000094400000, 0x0000000094400000| Untracked 
| 325|0x0000000094500000, 0x0000000094500000, 0x0000000094600000|  0%| F|  |TAMS 0x0000000094500000, 0x0000000094500000| Untracked 

Card table byte_map: [0x00000273b8700000,0x00000273b8b00000] _byte_map_base: 0x00000273b8300000

Marking Bits (Prev, Next): (CMBitMap*) 0x00000273a582ff38, (CMBitMap*) 0x00000273a582ff70
 Prev Bits: [0x00000273b8f00000, 0x00000273baf00000)
 Next Bits: [0x00000273baf00000, 0x00000273bcf00000)

Polling page: 0x00000273a3990000

Metaspace:

Usage:
  Non-class:    184.84 MB capacity,   181.40 MB ( 98%) used,     2.85 MB (  2%) free+waste,   601.19 KB ( <1%) overhead. 
      Class:     27.39 MB capacity,    25.56 MB ( 93%) used,     1.58 MB (  6%) free+waste,   259.56 KB ( <1%) overhead. 
       Both:    212.23 MB capacity,   206.96 MB ( 98%) used,     4.43 MB (  2%) free+waste,   860.75 KB ( <1%) overhead. 

Virtual space:
  Non-class space:      186.00 MB reserved,     184.93 MB (>99%) committed 
      Class space:        1.00 GB reserved,      27.45 MB (  3%) committed 
             Both:        1.18 GB reserved,     212.38 MB ( 18%) committed 

Chunk freelists:
   Non-Class:  88.00 KB
       Class:  17.00 KB
        Both:  105.00 KB

MaxMetaspaceSize: 17179869184.00 GB
CompressedClassSpaceSize: 1.00 GB
Initial GC threshold: 20.80 MB
Current GC threshold: 346.88 MB
CDS: off

CodeHeap 'non-profiled nmethods': size=120064Kb used=19527Kb max_used=19527Kb free=100536Kb
 bounds [0x00000273b0dc0000, 0x00000273b20e0000, 0x00000273b8300000]
CodeHeap 'profiled nmethods': size=120000Kb used=59019Kb max_used=59019Kb free=60980Kb
 bounds [0x00000273a9890000, 0x00000273ad240000, 0x00000273b0dc0000]
CodeHeap 'non-nmethods': size=5696Kb used=2520Kb max_used=2579Kb free=3175Kb
 bounds [0x00000273a9300000, 0x00000273a9590000, 0x00000273a9890000]
 total_blobs=26658 nmethods=25600 adapters=966
 compilation: enabled
              stopped_count=0, restarted_count=0
 full_count=0

Compilation events (20 events):
Event: 1108.292 Thread 0x00000273bf40a800 29087       2       com.google.protobuf.CodedOutputStream$OutputStreamEncoder::writeBool (27 bytes)
Event: 1108.292 Thread 0x00000273bf40a800 nmethod 29087 0x00000273ad230010 code [0x00000273ad2301e0, 0x00000273ad2303d8]
Event: 1108.292 Thread 0x00000273bf40a800 29088       2       com.android.aapt.Resources$Reference::writeTo (132 bytes)
Event: 1108.293 Thread 0x00000273bf40a800 nmethod 29088 0x00000273ad230590 code [0x00000273ad230820, 0x00000273ad230fa8]
Event: 1108.293 Thread 0x00000273bf40a800 29089       2       com.android.aapt.Resources$Attribute$Symbol::writeTo (92 bytes)
Event: 1108.295 Thread 0x00000273bf40a800 nmethod 29089 0x00000273ad231390 code [0x00000273ad231600, 0x00000273ad231cd8]
Event: 1108.296 Thread 0x00000273bf405800 nmethod 29055 0x00000273b20cf490 code [0x00000273b20cf6c0, 0x00000273b20d0070]
Event: 1108.296 Thread 0x00000273bf405800 29074       4       com.google.protobuf.ByteString::isEmpty (13 bytes)
Event: 1108.297 Thread 0x00000273bf405800 nmethod 29074 0x00000273b20d0690 code [0x00000273b20d0820, 0x00000273b20d08b8]
Event: 1108.297 Thread 0x00000273bf405800 29060       4       com.google.protobuf.ByteString::copyFromUtf8 (15 bytes)
Event: 1108.300 Thread 0x00000273bf405800 nmethod 29060 0x00000273b20d0990 code [0x00000273b20d0b40, 0x00000273b20d0d28]
Event: 1108.300 Thread 0x00000273bf405800 29090       4       com.google.protobuf.UnknownFieldSet::writeTo (67 bytes)
Event: 1108.301 Thread 0x00000273bf405800 nmethod 29090 0x00000273b20d0e90 code [0x00000273b20d1020, 0x00000273b20d10b8]
Event: 1108.301 Thread 0x00000273bf405800 29091       4       com.google.protobuf.CodedOutputStream$OutputStreamEncoder::writeMessage (12 bytes)
Event: 1108.304 Thread 0x00000273bf40a800 29093       3       com.ctc.wstx.io.UTF8Reader::read (929 bytes)
Event: 1108.308 Thread 0x00000273bf40a800 nmethod 29093 0x00000273ad232010 code [0x00000273ad2323a0, 0x00000273ad233ff8]
Event: 1108.310 Thread 0x00000273bf40a800 29094       1       com.android.aaptcompiler.buffer.BigBuffer$Block::getSize$aaptcompiler (5 bytes)
Event: 1108.310 Thread 0x00000273bf405800 nmethod 29091 0x00000273b20d1190 code [0x00000273b20d1360, 0x00000273b20d16f8]
Event: 1108.310 Thread 0x00000273bf405800 29058       4       org.codehaus.stax2.ri.evt.CharactersEventImpl::asCharacters (2 bytes)
Event: 1108.310 Thread 0x00000273bf40a800 nmethod 29094 0x00000273b20d1b10 code [0x00000273b20d1cc0, 0x00000273b20d1d78]

GC Heap History (20 events):
Event: 1103.533 GC heap after
{Heap after GC invocations=134 (full 0):
 garbage-first heap   total 273408K, used 235520K [0x0000000080000000, 0x0000000100000000)
  region size 1024K, 2 young (2048K), 2 survivors (2048K)
 Metaspace       used 206760K, capacity 212216K, committed 212480K, reserved 1234944K
  class space    used 25781K, capacity 27662K, committed 27724K, reserved 1048576K
}
Event: 1103.723 GC heap before
{Heap before GC invocations=134 (full 0):
 garbage-first heap   total 273408K, used 248832K [0x0000000080000000, 0x0000000100000000)
  region size 1024K, 13 young (13312K), 2 survivors (2048K)
 Metaspace       used 206761K, capacity 212216K, committed 212480K, reserved 1234944K
  class space    used 25781K, capacity 27662K, committed 27724K, reserved 1048576K
}
Event: 1103.734 GC heap after
{Heap after GC invocations=135 (full 0):
 garbage-first heap   total 273408K, used 242925K [0x0000000080000000, 0x0000000100000000)
  region size 1024K, 2 young (2048K), 2 survivors (2048K)
 Metaspace       used 206761K, capacity 212216K, committed 212480K, reserved 1234944K
  class space    used 25781K, capacity 27662K, committed 27724K, reserved 1048576K
}
Event: 1103.895 GC heap before
{Heap before GC invocations=135 (full 0):
 garbage-first heap   total 273408K, used 253165K [0x0000000080000000, 0x0000000100000000)
  region size 1024K, 13 young (13312K), 2 survivors (2048K)
 Metaspace       used 206788K, capacity 212216K, committed 212480K, reserved 1234944K
  class space    used 25781K, capacity 27662K, committed 27724K, reserved 1048576K
}
Event: 1103.907 GC heap after
{Heap after GC invocations=136 (full 0):
 garbage-first heap   total 273408K, used 246784K [0x0000000080000000, 0x0000000100000000)
  region size 1024K, 2 young (2048K), 2 survivors (2048K)
 Metaspace       used 206788K, capacity 212216K, committed 212480K, reserved 1234944K
  class space    used 25781K, capacity 27662K, committed 27724K, reserved 1048576K
}
Event: 1104.092 GC heap before
{Heap before GC invocations=136 (full 0):
 garbage-first heap   total 273408K, used 258048K [0x0000000080000000, 0x0000000100000000)
  region size 1024K, 13 young (13312K), 2 survivors (2048K)
 Metaspace       used 206794K, capacity 212216K, committed 212480K, reserved 1234944K
  class space    used 25781K, capacity 27662K, committed 27724K, reserved 1048576K
}
Event: 1104.101 GC heap after
{Heap after GC invocations=137 (full 0):
 garbage-first heap   total 273408K, used 250506K [0x0000000080000000, 0x0000000100000000)
  region size 1024K, 2 young (2048K), 2 survivors (2048K)
 Metaspace       used 206794K, capacity 212216K, committed 212480K, reserved 1234944K
  class space    used 25781K, capacity 27662K, committed 27724K, reserved 1048576K
}
Event: 1104.611 GC heap before
{Heap before GC invocations=137 (full 0):
 garbage-first heap   total 273408K, used 255626K [0x0000000080000000, 0x0000000100000000)
  region size 1024K, 13 young (13312K), 2 survivors (2048K)
 Metaspace       used 207488K, capacity 212828K, committed 213120K, reserved 1234944K
  class space    used 25839K, capacity 27694K, committed 27852K, reserved 1048576K
}
Event: 1104.622 GC heap after
{Heap after GC invocations=138 (full 0):
 garbage-first heap   total 273408K, used 246063K [0x0000000080000000, 0x0000000100000000)
  region size 1024K, 2 young (2048K), 2 survivors (2048K)
 Metaspace       used 207488K, capacity 212828K, committed 213120K, reserved 1234944K
  class space    used 25839K, capacity 27694K, committed 27852K, reserved 1048576K
}
Event: 1105.038 GC heap before
{Heap before GC invocations=139 (full 0):
 garbage-first heap   total 273408K, used 256303K [0x0000000080000000, 0x0000000100000000)
  region size 1024K, 13 young (13312K), 2 survivors (2048K)
 Metaspace       used 207870K, capacity 213236K, committed 213376K, reserved 1234944K
  class space    used 25875K, capacity 27746K, committed 27852K, reserved 1048576K
}
Event: 1105.049 GC heap after
{Heap after GC invocations=140 (full 0):
 garbage-first heap   total 273408K, used 246703K [0x0000000080000000, 0x0000000100000000)
  region size 1024K, 2 young (2048K), 2 survivors (2048K)
 Metaspace       used 207870K, capacity 213236K, committed 213376K, reserved 1234944K
  class space    used 25875K, capacity 27746K, committed 27852K, reserved 1048576K
}
Event: 1105.445 GC heap before
{Heap before GC invocations=140 (full 0):
 garbage-first heap   total 273408K, used 266159K [0x0000000080000000, 0x0000000100000000)
  region size 1024K, 13 young (13312K), 2 survivors (2048K)
 Metaspace       used 207908K, capacity 213300K, committed 213632K, reserved 1234944K
  class space    used 25877K, capacity 27746K, committed 27852K, reserved 1048576K
}
Event: 1105.475 GC heap after
{Heap after GC invocations=141 (full 0):
 garbage-first heap   total 333824K, used 227943K [0x0000000080000000, 0x0000000100000000)
  region size 1024K, 2 young (2048K), 2 survivors (2048K)
 Metaspace       used 207908K, capacity 213300K, committed 213632K, reserved 1234944K
  class space    used 25877K, capacity 27746K, committed 27852K, reserved 1048576K
}
Event: 1105.913 GC heap before
{Heap before GC invocations=141 (full 0):
 garbage-first heap   total 333824K, used 241255K [0x0000000080000000, 0x0000000100000000)
  region size 1024K, 16 young (16384K), 2 survivors (2048K)
 Metaspace       used 207956K, capacity 213304K, committed 213632K, reserved 1234944K
  class space    used 25879K, capacity 27747K, committed 27852K, reserved 1048576K
}
Event: 1105.978 GC heap after
{Heap after GC invocations=142 (full 0):
 garbage-first heap   total 333824K, used 224256K [0x0000000080000000, 0x0000000100000000)
  region size 1024K, 2 young (2048K), 2 survivors (2048K)
 Metaspace       used 207956K, capacity 213304K, committed 213632K, reserved 1234944K
  class space    used 25879K, capacity 27747K, committed 27852K, reserved 1048576K
}
Event: 1106.694 GC heap before
{Heap before GC invocations=142 (full 0):
 garbage-first heap   total 333824K, used 273408K [0x0000000080000000, 0x0000000100000000)
  region size 1024K, 34 young (34816K), 2 survivors (2048K)
 Metaspace       used 208233K, capacity 213614K, committed 213888K, reserved 1234944K
  class space    used 25900K, capacity 27758K, committed 27852K, reserved 1048576K
}
Event: 1106.710 GC heap after
{Heap after GC invocations=143 (full 0):
 garbage-first heap   total 333824K, used 226820K [0x0000000080000000, 0x0000000100000000)
  region size 1024K, 5 young (5120K), 5 survivors (5120K)
 Metaspace       used 208233K, capacity 213614K, committed 213888K, reserved 1234944K
  class space    used 25900K, capacity 27758K, committed 27852K, reserved 1048576K
}
Event: 1107.692 GC heap before
{Heap before GC invocations=143 (full 0):
 garbage-first heap   total 333824K, used 259588K [0x0000000080000000, 0x0000000100000000)
  region size 1024K, 38 young (38912K), 5 survivors (5120K)
 Metaspace       used 209553K, capacity 214955K, committed 215296K, reserved 1236992K
  class space    used 25981K, capacity 27855K, committed 27980K, reserved 1048576K
}
Event: 1107.713 GC heap after
{Heap after GC invocations=144 (full 0):
 garbage-first heap   total 333824K, used 233598K [0x0000000080000000, 0x0000000100000000)
  region size 1024K, 5 young (5120K), 5 survivors (5120K)
 Metaspace       used 209553K, capacity 214955K, committed 215296K, reserved 1236992K
  class space    used 25981K, capacity 27855K, committed 27980K, reserved 1048576K
}
Event: 1108.311 GC heap before
{Heap before GC invocations=144 (full 0):
 garbage-first heap   total 333824K, used 266366K [0x0000000080000000, 0x0000000100000000)
  region size 1024K, 37 young (37888K), 5 survivors (5120K)
 Metaspace       used 211928K, capacity 217323K, committed 217472K, reserved 1239040K
  class space    used 26173K, capacity 28047K, committed 28108K, reserved 1048576K
}

Deoptimization events (20 events):
Event: 1108.007 Thread 0x00000273c74c1800 DEOPT PACKING pc=0x00000273b14ae668 sp=0x000000ae71cfd020
Event: 1108.007 Thread 0x00000273c74c1800 DEOPT UNPACKING pc=0x00000273a934a1af sp=0x000000ae71cfcfc8 mode 2
Event: 1108.017 Thread 0x00000273c39b7800 Uncommon trap: trap_request=0xffffff4d fr.pc=0x00000273b2099ca0 relative=0x0000000000000ca0
Event: 1108.017 Thread 0x00000273c39b7800 Uncommon trap: reason=unstable_if action=reinterpret pc=0x00000273b2099ca0 method=com.ctc.wstx.sr.BasicStreamReader.readTextPrimary(C)Z @ 81 c2
Event: 1108.017 Thread 0x00000273c39b7800 DEOPT PACKING pc=0x00000273b2099ca0 sp=0x000000ae71efccc0
Event: 1108.017 Thread 0x00000273c39b7800 DEOPT UNPACKING pc=0x00000273a934a1af sp=0x000000ae71efcc70 mode 2
Event: 1108.024 Thread 0x00000273c39b6800 DEOPT PACKING pc=0x00000273ad0a70c0 sp=0x000000ae71dfd490
Event: 1108.024 Thread 0x00000273c39b6800 DEOPT UNPACKING pc=0x00000273a934a95e sp=0x000000ae71dfc998 mode 0
Event: 1108.162 Thread 0x00000273c74c1800 Uncommon trap: trap_request=0xffffff4d fr.pc=0x00000273b2096a90 relative=0x0000000000000810
Event: 1108.162 Thread 0x00000273c74c1800 Uncommon trap: reason=unstable_if action=reinterpret pc=0x00000273b2096a90 method=java.lang.String.regionMatches(ZILjava/lang/String;II)Z @ 52 c2
Event: 1108.162 Thread 0x00000273c74c1800 DEOPT PACKING pc=0x00000273b2096a90 sp=0x000000ae71cfd310
Event: 1108.162 Thread 0x00000273c74c1800 DEOPT UNPACKING pc=0x00000273a934a1af sp=0x000000ae71cfd290 mode 2
Event: 1108.303 Thread 0x00000273c74c1800 Uncommon trap: trap_request=0xffffff4d fr.pc=0x00000273b20bade0 relative=0x0000000000000ac0
Event: 1108.303 Thread 0x00000273c74c1800 Uncommon trap: reason=unstable_if action=reinterpret pc=0x00000273b20bade0 method=com.ctc.wstx.io.UTF8Reader.read([CII)I @ 453 c2
Event: 1108.303 Thread 0x00000273c74c1800 DEOPT PACKING pc=0x00000273b20bade0 sp=0x000000ae71cfdb10
Event: 1108.303 Thread 0x00000273c74c1800 DEOPT UNPACKING pc=0x00000273a934a1af sp=0x000000ae71cfdaa8 mode 2
Event: 1108.305 Thread 0x00000273c74c1800 Uncommon trap: trap_request=0xffffff4d fr.pc=0x00000273b20a35b8 relative=0x0000000000000dd8
Event: 1108.305 Thread 0x00000273c74c1800 Uncommon trap: reason=unstable_if action=reinterpret pc=0x00000273b20a35b8 method=com.ctc.wstx.io.UTF8Reader.read([CII)I @ 150 c2
Event: 1108.305 Thread 0x00000273c74c1800 DEOPT PACKING pc=0x00000273b20a35b8 sp=0x000000ae71cfd040
Event: 1108.305 Thread 0x00000273c74c1800 DEOPT UNPACKING pc=0x00000273a934a1af sp=0x000000ae71cfd010 mode 2

Classes redefined (0 events):
No events

Internal exceptions (20 events):
Event: 1104.801 Thread 0x00000273c74bf000 Exception <a 'java/lang/NoSuchMethodError'{0x0000000090771048}: <clinit>> (0x0000000090771048) thrown at [./src/hotspot/share/prims/jni.cpp, line 1365]
Event: 1104.802 Thread 0x00000273c74bf000 Exception <a 'java/lang/NoSuchMethodError'{0x0000000090781308}: <clinit>> (0x0000000090781308) thrown at [./src/hotspot/share/prims/jni.cpp, line 1365]
Event: 1104.821 Thread 0x00000273c74bf000 Exception <a 'java/lang/NoSuchMethodError'{0x00000000907f4fd0}: <clinit>> (0x00000000907f4fd0) thrown at [./src/hotspot/share/prims/jni.cpp, line 1365]
Event: 1104.821 Thread 0x00000273c74bf000 Exception <a 'java/lang/NoSuchMethodError'{0x00000000907f7b98}: <clinit>> (0x00000000907f7b98) thrown at [./src/hotspot/share/prims/jni.cpp, line 1365]
Event: 1104.821 Thread 0x00000273c74bf000 Exception <a 'java/lang/NoSuchMethodError'{0x00000000907fc578}: <clinit>> (0x00000000907fc578) thrown at [./src/hotspot/share/prims/jni.cpp, line 1365]
Event: 1104.821 Thread 0x00000273c74bf000 Exception <a 'java/lang/NoSuchMethodError'{0x0000000090608218}: <clinit>> (0x0000000090608218) thrown at [./src/hotspot/share/prims/jni.cpp, line 1365]
Event: 1104.826 Thread 0x00000273c74bf000 Exception <a 'java/lang/NoSuchMethodError'{0x000000009065f7e8}: <clinit>> (0x000000009065f7e8) thrown at [./src/hotspot/share/prims/jni.cpp, line 1365]
Event: 1104.829 Thread 0x00000273c74bf000 Exception <a 'java/lang/NoSuchMethodError'{0x0000000090691608}: <clinit>> (0x0000000090691608) thrown at [./src/hotspot/share/prims/jni.cpp, line 1365]
Event: 1104.829 Thread 0x00000273c74bf000 Exception <a 'java/lang/NoSuchMethodError'{0x0000000090694a70}: <clinit>> (0x0000000090694a70) thrown at [./src/hotspot/share/prims/jni.cpp, line 1365]
Event: 1104.829 Thread 0x00000273c74bf000 Exception <a 'java/lang/NoSuchMethodError'{0x00000000906976e0}: <clinit>> (0x00000000906976e0) thrown at [./src/hotspot/share/prims/jni.cpp, line 1365]
Event: 1104.831 Thread 0x00000273c74bf000 Exception <a 'java/lang/NoSuchMethodError'{0x00000000906af9f0}: <clinit>> (0x00000000906af9f0) thrown at [./src/hotspot/share/prims/jni.cpp, line 1365]
Event: 1104.832 Thread 0x00000273c74bf000 Exception <a 'java/lang/NoSuchMethodError'{0x00000000906c6d10}: <clinit>> (0x00000000906c6d10) thrown at [./src/hotspot/share/prims/jni.cpp, line 1365]
Event: 1104.833 Thread 0x00000273c74bf000 Exception <a 'java/lang/NoSuchMethodError'{0x00000000906dba68}: <clinit>> (0x00000000906dba68) thrown at [./src/hotspot/share/prims/jni.cpp, line 1365]
Event: 1104.835 Thread 0x00000273c74bf000 Exception <a 'java/lang/NoSuchMethodError'{0x00000000906fe900}: <clinit>> (0x00000000906fe900) thrown at [./src/hotspot/share/prims/jni.cpp, line 1365]
Event: 1104.836 Thread 0x00000273c74bf000 Exception <a 'java/lang/NoSuchMethodError'{0x0000000090523f10}: <clinit>> (0x0000000090523f10) thrown at [./src/hotspot/share/prims/jni.cpp, line 1365]
Event: 1104.837 Thread 0x00000273c74bf000 Exception <a 'java/lang/NoSuchMethodError'{0x00000000905387b0}: <clinit>> (0x00000000905387b0) thrown at [./src/hotspot/share/prims/jni.cpp, line 1365]
Event: 1106.451 Thread 0x00000273c74bf000 Implicit null exception at 0x00000273b200bd11 to 0x00000273b20114e4
Event: 1106.451 Thread 0x00000273c74bf000 Implicit null exception at 0x00000273b200bd11 to 0x00000273b20114e4
Event: 1106.492 Thread 0x00000273c74bf000 Implicit null exception at 0x00000273b200bd11 to 0x00000273b20114e4
Event: 1106.624 Thread 0x00000273c74bf000 Exception <a 'java/lang/NoSuchMethodError'{0x0000000093296840}: <clinit>> (0x0000000093296840) thrown at [./src/hotspot/share/prims/jni.cpp, line 1365]

Events (20 events):
Event: 1108.072 loading class com/android/aapt/Resources$Id$Builder done
Event: 1108.136 loading class com/android/aapt/Resources$Primitive$EmptyType$1
Event: 1108.136 loading class com/android/aapt/Resources$Primitive$EmptyType$1 done
Event: 1108.137 loading class com/android/aapt/Resources$Primitive$EmptyType$Builder
Event: 1108.137 loading class com/android/aapt/Resources$Primitive$EmptyType$Builder done
Event: 1108.198 loading class com/android/aapt/Resources$Styleable$1
Event: 1108.198 loading class com/android/aapt/Resources$Styleable$1 done
Event: 1108.199 loading class com/android/aapt/Resources$Styleable$Builder
Event: 1108.199 loading class com/android/aapt/Resources$Styleable$Builder done
Event: 1108.200 loading class com/android/aapt/Resources$Styleable$Entry
Event: 1108.200 loading class com/android/aapt/Resources$Styleable$Entry done
Event: 1108.201 loading class com/android/aapt/Resources$Styleable$EntryOrBuilder
Event: 1108.201 loading class com/android/aapt/Resources$Styleable$EntryOrBuilder done
Event: 1108.213 loading class com/android/aapt/Resources$Styleable$Entry$1
Event: 1108.213 loading class com/android/aapt/Resources$Styleable$Entry$1 done
Event: 1108.213 loading class com/android/aapt/Resources$Styleable$Entry$Builder
Event: 1108.213 loading class com/android/aapt/Resources$Styleable$Entry$Builder done
Event: 1108.228 loading class com/android/aapt/Resources$1
Event: 1108.228 loading class com/android/aapt/Resources$1 done
Event: 1108.310 Executing VM operation: G1CollectForAllocation


Dynamic libraries:
0x00007ff6f9820000 - 0x00007ff6f982a000 	C:\Program Files\Android\Android Studio\jre\bin\java.exe
0x00007ffb39940000 - 0x00007ffb39b47000 	C:\Windows\SYSTEM32\ntdll.dll
0x00007ffb38780000 - 0x00007ffb3883d000 	C:\Windows\System32\KERNEL32.DLL
0x00007ffb37150000 - 0x00007ffb374c4000 	C:\Windows\System32\KERNELBASE.dll
0x00007ffb36f10000 - 0x00007ffb37021000 	C:\Windows\System32\ucrtbase.dll
0x00007ffb13d20000 - 0x00007ffb13d37000 	C:\Program Files\Android\Android Studio\jre\bin\VCRUNTIME140.dll
0x00007ffb23d00000 - 0x00007ffb23d19000 	C:\Program Files\Android\Android Studio\jre\bin\jli.dll
0x00007ffb377d0000 - 0x00007ffb3797c000 	C:\Windows\System32\USER32.dll
0x00007ffb37570000 - 0x00007ffb37596000 	C:\Windows\System32\win32u.dll
0x00007ffb30470000 - 0x00007ffb30715000 	C:\Windows\WinSxS\amd64_microsoft.windows.common-controls_6595b64144ccf1df_6.0.22000.120_none_9d947278b86cc467\COMCTL32.dll
0x00007ffb38040000 - 0x00007ffb38069000 	C:\Windows\System32\GDI32.dll
0x00007ffb385e0000 - 0x00007ffb38683000 	C:\Windows\System32\msvcrt.dll
0x00007ffb37030000 - 0x00007ffb37142000 	C:\Windows\System32\gdi32full.dll
0x00007ffb374d0000 - 0x00007ffb3756d000 	C:\Windows\System32\msvcp_win.dll
0x00007ffb392a0000 - 0x00007ffb392d1000 	C:\Windows\System32\IMM32.DLL
0x00007ffb13c80000 - 0x00007ffb13d1d000 	C:\Program Files\Android\Android Studio\jre\bin\msvcp140.dll
0x00007ffb09cf0000 - 0x00007ffb0a7d5000 	C:\Program Files\Android\Android Studio\jre\bin\server\jvm.dll
0x00007ffb39670000 - 0x00007ffb3971c000 	C:\Windows\System32\ADVAPI32.dll
0x00007ffb39730000 - 0x00007ffb397cd000 	C:\Windows\System32\sechost.dll
0x00007ffb397d0000 - 0x00007ffb398f1000 	C:\Windows\System32\RPCRT4.dll
0x00007ffb39720000 - 0x00007ffb39728000 	C:\Windows\System32\PSAPI.DLL
0x00007ffb288d0000 - 0x00007ffb288d9000 	C:\Windows\SYSTEM32\WSOCK32.dll
0x00007ffb300b0000 - 0x00007ffb300e3000 	C:\Windows\SYSTEM32\WINMM.dll
0x00007ffb30460000 - 0x00007ffb3046a000 	C:\Windows\SYSTEM32\VERSION.dll
0x00007ffb380a0000 - 0x00007ffb3810f000 	C:\Windows\System32\WS2_32.dll
0x00007ffb35f30000 - 0x00007ffb35f48000 	C:\Windows\SYSTEM32\kernel.appcore.dll
0x00007ffb24bd0000 - 0x00007ffb24be1000 	C:\Program Files\Android\Android Studio\jre\bin\verify.dll
0x00007ffb2a1d0000 - 0x00007ffb2a3f1000 	C:\Windows\SYSTEM32\DBGHELP.DLL
0x00007ffb29c70000 - 0x00007ffb29ca1000 	C:\Windows\SYSTEM32\dbgcore.DLL
0x00007ffb36e90000 - 0x00007ffb36f10000 	C:\Windows\System32\bcryptPrimitives.dll
0x00007ffb18930000 - 0x00007ffb18959000 	C:\Program Files\Android\Android Studio\jre\bin\java.dll
0x00007ffb285c0000 - 0x00007ffb285cb000 	C:\Program Files\Android\Android Studio\jre\bin\jimage.dll
0x00007ffb24ab0000 - 0x00007ffb24ac8000 	C:\Program Files\Android\Android Studio\jre\bin\zip.dll
0x00007ffb38af0000 - 0x00007ffb39299000 	C:\Windows\System32\SHELL32.dll
0x00007ffb30d70000 - 0x00007ffb315d2000 	C:\Windows\SYSTEM32\windows.storage.dll
0x00007ffb38200000 - 0x00007ffb38578000 	C:\Windows\System32\combase.dll
0x00007ffb31d70000 - 0x00007ffb31ed6000 	C:\Windows\SYSTEM32\wintypes.dll
0x00007ffb38690000 - 0x00007ffb3877a000 	C:\Windows\System32\SHCORE.dll
0x00007ffb39610000 - 0x00007ffb3966d000 	C:\Windows\System32\shlwapi.dll
0x00007ffb36d50000 - 0x00007ffb36d71000 	C:\Windows\SYSTEM32\profapi.dll
0x00007ffb24880000 - 0x00007ffb2489a000 	C:\Program Files\Android\Android Studio\jre\bin\net.dll
0x00007ffb30740000 - 0x00007ffb3084c000 	C:\Windows\SYSTEM32\WINHTTP.dll
0x00007ffb36340000 - 0x00007ffb363a7000 	C:\Windows\system32\mswsock.dll
0x00007ffb23cd0000 - 0x00007ffb23ce4000 	C:\Program Files\Android\Android Studio\jre\bin\nio.dll
0x00007ffb287f0000 - 0x00007ffb28817000 	C:\Users\Administrator\.gradle\native\e1d6ef7f7dcc3fd88c89a11ec53ec762bb8ba0a96d01ffa2cd45eb1d1d8dd5c5\windows-amd64\native-platform.dll
0x00007ffb0ba20000 - 0x00007ffb0bb64000 	C:\Users\Administrator\.gradle\native\5664cfc778a61ccfe75a443a1ab52a65af34e5dc3c78e0209fed803814484fcb\windows-amd64\native-platform-file-events.dll
0x00007ffb239d0000 - 0x00007ffb239da000 	C:\Program Files\Android\Android Studio\jre\bin\management.dll
0x00007ffb141a0000 - 0x00007ffb141ad000 	C:\Program Files\Android\Android Studio\jre\bin\management_ext.dll
0x00007ffb36580000 - 0x00007ffb36598000 	C:\Windows\SYSTEM32\CRYPTSP.dll
0x00007ffb35e90000 - 0x00007ffb35ec5000 	C:\Windows\system32\rsaenh.dll
0x00007ffb36430000 - 0x00007ffb36459000 	C:\Windows\SYSTEM32\USERENV.dll
0x00007ffb366f0000 - 0x00007ffb36717000 	C:\Windows\SYSTEM32\bcrypt.dll
0x00007ffb36740000 - 0x00007ffb3674c000 	C:\Windows\SYSTEM32\CRYPTBASE.dll
0x00007ffb35a30000 - 0x00007ffb35a5d000 	C:\Windows\SYSTEM32\IPHLPAPI.DLL
0x00007ffb38ae0000 - 0x00007ffb38ae9000 	C:\Windows\System32\NSI.dll
0x00007ffb308e0000 - 0x00007ffb308f9000 	C:\Windows\SYSTEM32\dhcpcsvc6.DLL
0x00007ffb30850000 - 0x00007ffb3086e000 	C:\Windows\SYSTEM32\dhcpcsvc.DLL
0x00007ffb35a90000 - 0x00007ffb35b77000 	C:\Windows\SYSTEM32\DNSAPI.dll
0x00007ffb13bb0000 - 0x00007ffb13bd7000 	C:\Program Files\Android\Android Studio\jre\bin\sunec.dll
0x00007ffb33ab0000 - 0x00007ffb33aba000 	C:\Windows\System32\rasadhlp.dll
0x00007ffb30900000 - 0x00007ffb30981000 	C:\Windows\System32\fwpuclnt.dll

dbghelp: loaded successfully - version: 4.0.5 - missing functions: none
symbol engine: initialized successfully - sym options: 0x614 - pdb path: .;C:\Program Files\Android\Android Studio\jre\bin;C:\Windows\SYSTEM32;C:\Windows\WinSxS\amd64_microsoft.windows.common-controls_6595b64144ccf1df_6.0.22000.120_none_9d947278b86cc467;C:\Program Files\Android\Android Studio\jre\bin\server;C:\Users\Administrator\.gradle\native\e1d6ef7f7dcc3fd88c89a11ec53ec762bb8ba0a96d01ffa2cd45eb1d1d8dd5c5\windows-amd64;C:\Users\Administrator\.gradle\native\5664cfc778a61ccfe75a443a1ab52a65af34e5dc3c78e0209fed803814484fcb\windows-amd64

VM Arguments:
jvm_args: --add-opens=java.base/java.util=ALL-UNNAMED --add-opens=java.base/java.lang=ALL-UNNAMED --add-opens=java.base/java.lang.invoke=ALL-UNNAMED --add-opens=java.base/java.util=ALL-UNNAMED --add-opens=java.prefs/java.util.prefs=ALL-UNNAMED --add-opens=java.prefs/java.util.prefs=ALL-UNNAMED --add-opens=java.base/java.nio.charset=ALL-UNNAMED --add-opens=java.base/java.net=ALL-UNNAMED --add-opens=java.base/java.util.concurrent.atomic=ALL-UNNAMED -Xmx2048m -Dfile.encoding=UTF-8 -Duser.country=IN -Duser.language=en -Duser.variant 
java_command: org.gradle.launcher.daemon.bootstrap.GradleDaemon 7.3.3
java_class_path (initial): C:\Users\Administrator\.gradle\wrapper\dists\gradle-7.3.3-bin\6a41zxkdtcxs8rphpq6y0069z\gradle-7.3.3\lib\gradle-launcher-7.3.3.jar
Launcher Type: SUN_STANDARD

[Global flags]
     intx CICompilerCount                          = 3                                         {product} {ergonomic}
     uint ConcGCThreads                            = 1                                         {product} {ergonomic}
     uint G1ConcRefinementThreads                  = 4                                         {product} {ergonomic}
   size_t G1HeapRegionSize                         = 1048576                                   {product} {ergonomic}
    uintx GCDrainStackTargetSize                   = 64                                        {product} {ergonomic}
   size_t InitialHeapSize                          = 134217728                                 {product} {ergonomic}
   size_t MarkStackSize                            = 4194304                                   {product} {ergonomic}
   size_t MaxHeapSize                              = 2147483648                                {product} {command line}
   size_t MaxNewSize                               = 1287651328                                {product} {ergonomic}
   size_t MinHeapDeltaBytes                        = 1048576                                   {product} {ergonomic}
    uintx NonNMethodCodeHeapSize                   = 5830732                                {pd product} {ergonomic}
    uintx NonProfiledCodeHeapSize                  = 122913754                              {pd product} {ergonomic}
    uintx ProfiledCodeHeapSize                     = 122913754                              {pd product} {ergonomic}
    uintx ReservedCodeCacheSize                    = 251658240                              {pd product} {ergonomic}
     bool SegmentedCodeCache                       = true                                      {product} {ergonomic}
     bool UseCompressedClassPointers               = true                                 {lp64_product} {ergonomic}
     bool UseCompressedOops                        = true                                 {lp64_product} {ergonomic}
     bool UseG1GC                                  = true                                      {product} {ergonomic}
     bool UseLargePagesIndividualAllocation        = false                                  {pd product} {ergonomic}

Logging:
Log output configuration:
 #0: stdout all=warning uptime,level,tags
 #1: stderr all=off uptime,level,tags

Environment Variables:
PATH=C:\Windows\system32;C:\Windows;C:\Windows\System32\Wbem;C:\Windows\System32\WindowsPowerShell\v1.0\;C:\Windows\System32\OpenSSH\;C:\Program Files\PowerShell\7\;C:\Program Files\Git\cmd;C:\Users\Administrator\AppData\Local\Microsoft\WindowsApps;C:\Users\Administrator\Documents\flutter_windows_2.10.5-stable\flutter\bin;C:\Users\Administrator\AppData\Local\Programs\Microsoft VS Code\bin;C:\Users\Administrator\AppData\Local\GitHubDesktop\bin
USERNAME=Administrator
OS=Windows_NT
PROCESSOR_IDENTIFIER=Intel64 Family 6 Model 58 Stepping 9, GenuineIntel



---------------  S Y S T E M  ---------------

OS: Windows Server 2019 , 64 bit Build 22000 (10.0.22000.120)
OS uptime: 0 days 8:04 hours

CPU:total 4 (initial active 4) (2 cores per cpu, 2 threads per core) family 6 model 58 stepping 9 microcode 0x21, cmov, cx8, fxsr, mmx, sse, sse2, sse3, ssse3, sse4.1, sse4.2, popcnt, avx, aes, clmul, erms, ht, tsc, tscinvbit, tscinv

Memory: 4k page, system-wide physical 8073M (590M free)
TotalPageFile size 8073M (AvailPageFile size 242M)
current process WorkingSet (physical memory assigned to process): 796M, peak: 798M
current process commit charge ("private bytes"): 843M, peak: 1150M

vm_info: OpenJDK 64-Bit Server VM (11.0.12+7-b1504.28-7817840) for windows-amd64 JRE (11.0.12+7-b1504.28-7817840), built on Oct 13 2021 22:12:33 by "builder" with MS VC++ 14.0 (VS2015)

END.
